<?xml version="1.0" encoding="UTF-8"?>
<testng-results ignored="0" total="16" passed="16" failed="0" skipped="0">
  <reporter-output>
  </reporter-output>
  <suite started-at="2026-02-23T16:59:05 NPT" name="Suite" finished-at="2026-02-23T17:02:33 NPT" duration-ms="207645">
    <groups>
    </groups>
    <test started-at="2026-02-23T16:59:05 NPT" name="Chrome Test" finished-at="2026-02-23T17:02:33 NPT" duration-ms="207645">
      <class name="tests.CusRegTest">
        <test-method is-config="true" signature="setUp()[pri:0, instance:tests.CusRegTest@2a79d4b1]" started-at="2026-02-23T16:59:05 NPT" name="setUp" finished-at="2026-02-23T16:59:23 NPT" duration-ms="18285" status="PASS">
          <reporter-output>
          </reporter-output>
        </test-method> <!-- setUp -->
        <test-method is-config="true" signature="pageSetup()[pri:0, instance:tests.CusRegTest@2a79d4b1]" started-at="2026-02-23T16:59:23 NPT" name="pageSetup" finished-at="2026-02-23T16:59:24 NPT" duration-ms="58" status="PASS">
          <reporter-output>
          </reporter-output>
        </test-method> <!-- pageSetup -->
        <test-method is-config="true" signature="initSoftAssert()[pri:0, instance:tests.CusRegTest@2a79d4b1]" started-at="2026-02-23T16:59:24 NPT" name="initSoftAssert" finished-at="2026-02-23T16:59:24 NPT" duration-ms="7" status="PASS">
          <reporter-output>
          </reporter-output>
        </test-method> <!-- initSoftAssert -->
        <test-method is-config="true" signature="setupSoftAssert()[pri:0, instance:tests.CusRegTest@2a79d4b1]" started-at="2026-02-23T16:59:24 NPT" name="setupSoftAssert" finished-at="2026-02-23T16:59:24 NPT" duration-ms="1" status="PASS">
          <reporter-output>
          </reporter-output>
        </test-method> <!-- setupSoftAssert -->
        <test-method signature="verifyCustomerRegistration()[pri:1, instance:tests.CusRegTest@2a79d4b1]" started-at="2026-02-23T16:59:24 NPT" name="verifyCustomerRegistration" description="Verify Customer Registration" finished-at="2026-02-23T16:59:41 NPT" duration-ms="17374" status="PASS">
          <reporter-output>
          </reporter-output>
        </test-method> <!-- verifyCustomerRegistration -->
        <test-method is-config="true" signature="tearDownSoftAssert()[pri:0, instance:tests.CusRegTest@2a79d4b1]" started-at="2026-02-23T16:59:41 NPT" name="tearDownSoftAssert" finished-at="2026-02-23T16:59:41 NPT" duration-ms="1" status="PASS">
          <reporter-output>
          </reporter-output>
        </test-method> <!-- tearDownSoftAssert -->
        <test-method is-config="true" signature="initSoftAssert()[pri:0, instance:tests.CusRegTest@2a79d4b1]" started-at="2026-02-23T16:59:41 NPT" name="initSoftAssert" finished-at="2026-02-23T16:59:41 NPT" duration-ms="1" status="PASS">
          <reporter-output>
          </reporter-output>
        </test-method> <!-- initSoftAssert -->
        <test-method is-config="true" signature="setupSoftAssert()[pri:0, instance:tests.CusRegTest@2a79d4b1]" started-at="2026-02-23T16:59:41 NPT" name="setupSoftAssert" finished-at="2026-02-23T16:59:41 NPT" duration-ms="1" status="PASS">
          <reporter-output>
          </reporter-output>
        </test-method> <!-- setupSoftAssert -->
        <test-method signature="verifyIdentityDetails()[pri:2, instance:tests.CusRegTest@2a79d4b1]" started-at="2026-02-23T16:59:41 NPT" name="verifyIdentityDetails" description="Verify Identity Details" finished-at="2026-02-23T16:59:52 NPT" duration-ms="11484" status="PASS">
          <reporter-output>
          </reporter-output>
        </test-method> <!-- verifyIdentityDetails -->
        <test-method is-config="true" signature="tearDownSoftAssert()[pri:0, instance:tests.CusRegTest@2a79d4b1]" started-at="2026-02-23T16:59:52 NPT" name="tearDownSoftAssert" finished-at="2026-02-23T16:59:52 NPT" duration-ms="0" status="PASS">
          <reporter-output>
          </reporter-output>
        </test-method> <!-- tearDownSoftAssert -->
        <test-method is-config="true" signature="initSoftAssert()[pri:0, instance:tests.CusRegTest@2a79d4b1]" started-at="2026-02-23T16:59:52 NPT" name="initSoftAssert" finished-at="2026-02-23T16:59:52 NPT" duration-ms="0" status="PASS">
          <reporter-output>
          </reporter-output>
        </test-method> <!-- initSoftAssert -->
        <test-method is-config="true" signature="setupSoftAssert()[pri:0, instance:tests.CusRegTest@2a79d4b1]" started-at="2026-02-23T16:59:52 NPT" name="setupSoftAssert" finished-at="2026-02-23T16:59:52 NPT" duration-ms="0" status="PASS">
          <reporter-output>
          </reporter-output>
        </test-method> <!-- setupSoftAssert -->
        <test-method signature="verifyCommunicationDetails()[pri:3, instance:tests.CusRegTest@2a79d4b1]" started-at="2026-02-23T16:59:52 NPT" name="verifyCommunicationDetails" description="Verify Communication Details" finished-at="2026-02-23T17:00:01 NPT" duration-ms="9010" status="PASS">
          <reporter-output>
          </reporter-output>
        </test-method> <!-- verifyCommunicationDetails -->
        <test-method is-config="true" signature="tearDownSoftAssert()[pri:0, instance:tests.CusRegTest@2a79d4b1]" started-at="2026-02-23T17:00:01 NPT" name="tearDownSoftAssert" finished-at="2026-02-23T17:00:01 NPT" duration-ms="0" status="PASS">
          <reporter-output>
          </reporter-output>
        </test-method> <!-- tearDownSoftAssert -->
        <test-method signature="verifyDocumentDetails()[pri:4, instance:tests.CusRegTest@2a79d4b1]" started-at="2026-02-23T17:00:01 NPT" name="verifyDocumentDetails" description="Verify Document Details" finished-at="2026-02-23T17:00:05 NPT" duration-ms="3510" status="PASS">
          <reporter-output>
          </reporter-output>
        </test-method> <!-- verifyDocumentDetails -->
        <test-method is-config="true" signature="setupSoftAssert()[pri:0, instance:tests.CusRegTest@2a79d4b1]" started-at="2026-02-23T17:00:01 NPT" name="setupSoftAssert" finished-at="2026-02-23T17:00:01 NPT" duration-ms="0" status="PASS">
          <reporter-output>
          </reporter-output>
        </test-method> <!-- setupSoftAssert -->
        <test-method is-config="true" signature="initSoftAssert()[pri:0, instance:tests.CusRegTest@2a79d4b1]" started-at="2026-02-23T17:00:01 NPT" name="initSoftAssert" finished-at="2026-02-23T17:00:01 NPT" duration-ms="0" status="PASS">
          <reporter-output>
          </reporter-output>
        </test-method> <!-- initSoftAssert -->
        <test-method signature="verifyAddressDetails()[pri:5, instance:tests.CusRegTest@2a79d4b1]" started-at="2026-02-23T17:00:05 NPT" name="verifyAddressDetails" description="Verify Address Details" finished-at="2026-02-23T17:00:24 NPT" duration-ms="19203" status="PASS">
          <reporter-output>
          </reporter-output>
        </test-method> <!-- verifyAddressDetails -->
        <test-method is-config="true" signature="initSoftAssert()[pri:0, instance:tests.CusRegTest@2a79d4b1]" started-at="2026-02-23T17:00:05 NPT" name="initSoftAssert" finished-at="2026-02-23T17:00:05 NPT" duration-ms="0" status="PASS">
          <reporter-output>
          </reporter-output>
        </test-method> <!-- initSoftAssert -->
        <test-method is-config="true" signature="setupSoftAssert()[pri:0, instance:tests.CusRegTest@2a79d4b1]" started-at="2026-02-23T17:00:05 NPT" name="setupSoftAssert" finished-at="2026-02-23T17:00:05 NPT" duration-ms="0" status="PASS">
          <reporter-output>
          </reporter-output>
        </test-method> <!-- setupSoftAssert -->
        <test-method is-config="true" signature="tearDownSoftAssert()[pri:0, instance:tests.CusRegTest@2a79d4b1]" started-at="2026-02-23T17:00:05 NPT" name="tearDownSoftAssert" finished-at="2026-02-23T17:00:05 NPT" duration-ms="0" status="PASS">
          <reporter-output>
          </reporter-output>
        </test-method> <!-- tearDownSoftAssert -->
        <test-method is-config="true" signature="tearDownSoftAssert()[pri:0, instance:tests.CusRegTest@2a79d4b1]" started-at="2026-02-23T17:00:24 NPT" name="tearDownSoftAssert" finished-at="2026-02-23T17:00:24 NPT" duration-ms="0" status="PASS">
          <reporter-output>
          </reporter-output>
        </test-method> <!-- tearDownSoftAssert -->
        <test-method is-config="true" signature="initSoftAssert()[pri:0, instance:tests.CusRegTest@2a79d4b1]" started-at="2026-02-23T17:00:24 NPT" name="initSoftAssert" finished-at="2026-02-23T17:00:24 NPT" duration-ms="4" status="PASS">
          <reporter-output>
          </reporter-output>
        </test-method> <!-- initSoftAssert -->
        <test-method signature="verifyHighProfileDetails()[pri:6, instance:tests.CusRegTest@2a79d4b1]" started-at="2026-02-23T17:00:24 NPT" name="verifyHighProfileDetails" description="Verify High Profile Details" finished-at="2026-02-23T17:00:44 NPT" duration-ms="19824" status="PASS">
          <reporter-output>
          </reporter-output>
        </test-method> <!-- verifyHighProfileDetails -->
        <test-method is-config="true" signature="setupSoftAssert()[pri:0, instance:tests.CusRegTest@2a79d4b1]" started-at="2026-02-23T17:00:24 NPT" name="setupSoftAssert" finished-at="2026-02-23T17:00:24 NPT" duration-ms="0" status="PASS">
          <reporter-output>
          </reporter-output>
        </test-method> <!-- setupSoftAssert -->
        <test-method signature="verifyTransactionDetails()[pri:7, instance:tests.CusRegTest@2a79d4b1]" started-at="2026-02-23T17:00:44 NPT" name="verifyTransactionDetails" description="Verify Transaction Details" finished-at="2026-02-23T17:00:47 NPT" duration-ms="3434" status="PASS">
          <reporter-output>
          </reporter-output>
        </test-method> <!-- verifyTransactionDetails -->
        <test-method is-config="true" signature="setupSoftAssert()[pri:0, instance:tests.CusRegTest@2a79d4b1]" started-at="2026-02-23T17:00:44 NPT" name="setupSoftAssert" finished-at="2026-02-23T17:00:44 NPT" duration-ms="0" status="PASS">
          <reporter-output>
          </reporter-output>
        </test-method> <!-- setupSoftAssert -->
        <test-method is-config="true" signature="initSoftAssert()[pri:0, instance:tests.CusRegTest@2a79d4b1]" started-at="2026-02-23T17:00:44 NPT" name="initSoftAssert" finished-at="2026-02-23T17:00:44 NPT" duration-ms="0" status="PASS">
          <reporter-output>
          </reporter-output>
        </test-method> <!-- initSoftAssert -->
        <test-method is-config="true" signature="tearDownSoftAssert()[pri:0, instance:tests.CusRegTest@2a79d4b1]" started-at="2026-02-23T17:00:44 NPT" name="tearDownSoftAssert" finished-at="2026-02-23T17:00:44 NPT" duration-ms="0" status="PASS">
          <reporter-output>
          </reporter-output>
        </test-method> <!-- tearDownSoftAssert -->
        <test-method is-config="true" signature="tearDownSoftAssert()[pri:0, instance:tests.CusRegTest@2a79d4b1]" started-at="2026-02-23T17:00:47 NPT" name="tearDownSoftAssert" finished-at="2026-02-23T17:00:47 NPT" duration-ms="0" status="PASS">
          <reporter-output>
          </reporter-output>
        </test-method> <!-- tearDownSoftAssert -->
        <test-method is-config="true" signature="setupSoftAssert()[pri:0, instance:tests.CusRegTest@2a79d4b1]" started-at="2026-02-23T17:00:47 NPT" name="setupSoftAssert" finished-at="2026-02-23T17:00:47 NPT" duration-ms="7" status="PASS">
          <reporter-output>
          </reporter-output>
        </test-method> <!-- setupSoftAssert -->
        <test-method is-config="true" signature="initSoftAssert()[pri:0, instance:tests.CusRegTest@2a79d4b1]" started-at="2026-02-23T17:00:47 NPT" name="initSoftAssert" finished-at="2026-02-23T17:00:47 NPT" duration-ms="0" status="PASS">
          <reporter-output>
          </reporter-output>
        </test-method> <!-- initSoftAssert -->
        <test-method signature="verifyCashFlowDetails()[pri:8, instance:tests.CusRegTest@2a79d4b1]" started-at="2026-02-23T17:00:47 NPT" name="verifyCashFlowDetails" description="Verify Cash Flow Details" finished-at="2026-02-23T17:00:53 NPT" duration-ms="5442" status="PASS">
          <reporter-output>
          </reporter-output>
        </test-method> <!-- verifyCashFlowDetails -->
        <test-method is-config="true" signature="tearDownSoftAssert()[pri:0, instance:tests.CusRegTest@2a79d4b1]" started-at="2026-02-23T17:00:53 NPT" name="tearDownSoftAssert" finished-at="2026-02-23T17:00:53 NPT" duration-ms="8" status="PASS">
          <reporter-output>
          </reporter-output>
        </test-method> <!-- tearDownSoftAssert -->
        <test-method is-config="true" signature="initSoftAssert()[pri:0, instance:tests.CusRegTest@2a79d4b1]" started-at="2026-02-23T17:00:53 NPT" name="initSoftAssert" finished-at="2026-02-23T17:00:53 NPT" duration-ms="2" status="PASS">
          <reporter-output>
          </reporter-output>
        </test-method> <!-- initSoftAssert -->
        <test-method signature="verifyExposureDetails()[pri:9, instance:tests.CusRegTest@2a79d4b1]" started-at="2026-02-23T17:00:53 NPT" name="verifyExposureDetails" description="Verify Exposure Details" finished-at="2026-02-23T17:00:59 NPT" duration-ms="6495" status="PASS">
          <reporter-output>
          </reporter-output>
        </test-method> <!-- verifyExposureDetails -->
        <test-method is-config="true" signature="setupSoftAssert()[pri:0, instance:tests.CusRegTest@2a79d4b1]" started-at="2026-02-23T17:00:53 NPT" name="setupSoftAssert" finished-at="2026-02-23T17:00:53 NPT" duration-ms="0" status="PASS">
          <reporter-output>
          </reporter-output>
        </test-method> <!-- setupSoftAssert -->
        <test-method is-config="true" signature="tearDownSoftAssert()[pri:0, instance:tests.CusRegTest@2a79d4b1]" started-at="2026-02-23T17:00:59 NPT" name="tearDownSoftAssert" finished-at="2026-02-23T17:00:59 NPT" duration-ms="1" status="PASS">
          <reporter-output>
          </reporter-output>
        </test-method> <!-- tearDownSoftAssert -->
        <test-method signature="verifyEmploymentDetails()[pri:10, instance:tests.CusRegTest@2a79d4b1]" started-at="2026-02-23T17:00:59 NPT" name="verifyEmploymentDetails" description="Verify Employment Details" finished-at="2026-02-23T17:01:06 NPT" duration-ms="6520" status="PASS">
          <reporter-output>
          </reporter-output>
        </test-method> <!-- verifyEmploymentDetails -->
        <test-method is-config="true" signature="setupSoftAssert()[pri:0, instance:tests.CusRegTest@2a79d4b1]" started-at="2026-02-23T17:00:59 NPT" name="setupSoftAssert" finished-at="2026-02-23T17:00:59 NPT" duration-ms="0" status="PASS">
          <reporter-output>
          </reporter-output>
        </test-method> <!-- setupSoftAssert -->
        <test-method is-config="true" signature="initSoftAssert()[pri:0, instance:tests.CusRegTest@2a79d4b1]" started-at="2026-02-23T17:00:59 NPT" name="initSoftAssert" finished-at="2026-02-23T17:00:59 NPT" duration-ms="0" status="PASS">
          <reporter-output>
          </reporter-output>
        </test-method> <!-- initSoftAssert -->
        <test-method is-config="true" signature="tearDownSoftAssert()[pri:0, instance:tests.CusRegTest@2a79d4b1]" started-at="2026-02-23T17:01:06 NPT" name="tearDownSoftAssert" finished-at="2026-02-23T17:01:06 NPT" duration-ms="1" status="PASS">
          <reporter-output>
          </reporter-output>
        </test-method> <!-- tearDownSoftAssert -->
        <test-method is-config="true" signature="initSoftAssert()[pri:0, instance:tests.CusRegTest@2a79d4b1]" started-at="2026-02-23T17:01:06 NPT" name="initSoftAssert" finished-at="2026-02-23T17:01:06 NPT" duration-ms="3" status="PASS">
          <reporter-output>
          </reporter-output>
        </test-method> <!-- initSoftAssert -->
        <test-method signature="verifyRelationshipDetails()[pri:11, instance:tests.CusRegTest@2a79d4b1]" started-at="2026-02-23T17:01:06 NPT" name="verifyRelationshipDetails" description="Verify Relationship Master" finished-at="2026-02-23T17:01:26 NPT" duration-ms="20341" status="PASS">
          <reporter-output>
          </reporter-output>
        </test-method> <!-- verifyRelationshipDetails -->
        <test-method is-config="true" signature="setupSoftAssert()[pri:0, instance:tests.CusRegTest@2a79d4b1]" started-at="2026-02-23T17:01:06 NPT" name="setupSoftAssert" finished-at="2026-02-23T17:01:06 NPT" duration-ms="0" status="PASS">
          <reporter-output>
          </reporter-output>
        </test-method> <!-- setupSoftAssert -->
        <test-method signature="verifyRelationshipIdentity()[pri:12, instance:tests.CusRegTest@2a79d4b1]" started-at="2026-02-23T17:01:26 NPT" name="verifyRelationshipIdentity" description="Verify Relationship Identity" finished-at="2026-02-23T17:01:42 NPT" duration-ms="16014" status="PASS">
          <reporter-output>
          </reporter-output>
        </test-method> <!-- verifyRelationshipIdentity -->
        <test-method is-config="true" signature="setupSoftAssert()[pri:0, instance:tests.CusRegTest@2a79d4b1]" started-at="2026-02-23T17:01:26 NPT" name="setupSoftAssert" finished-at="2026-02-23T17:01:26 NPT" duration-ms="0" status="PASS">
          <reporter-output>
          </reporter-output>
        </test-method> <!-- setupSoftAssert -->
        <test-method is-config="true" signature="initSoftAssert()[pri:0, instance:tests.CusRegTest@2a79d4b1]" started-at="2026-02-23T17:01:26 NPT" name="initSoftAssert" finished-at="2026-02-23T17:01:26 NPT" duration-ms="0" status="PASS">
          <reporter-output>
          </reporter-output>
        </test-method> <!-- initSoftAssert -->
        <test-method is-config="true" signature="tearDownSoftAssert()[pri:0, instance:tests.CusRegTest@2a79d4b1]" started-at="2026-02-23T17:01:26 NPT" name="tearDownSoftAssert" finished-at="2026-02-23T17:01:26 NPT" duration-ms="0" status="PASS">
          <reporter-output>
          </reporter-output>
        </test-method> <!-- tearDownSoftAssert -->
        <test-method signature="verifyRelationshipCommunication()[pri:13, instance:tests.CusRegTest@2a79d4b1]" started-at="2026-02-23T17:01:42 NPT" name="verifyRelationshipCommunication" description="Verify Relationship Communication" finished-at="2026-02-23T17:01:52 NPT" duration-ms="9725" status="PASS">
          <reporter-output>
          </reporter-output>
        </test-method> <!-- verifyRelationshipCommunication -->
        <test-method is-config="true" signature="initSoftAssert()[pri:0, instance:tests.CusRegTest@2a79d4b1]" started-at="2026-02-23T17:01:42 NPT" name="initSoftAssert" finished-at="2026-02-23T17:01:42 NPT" duration-ms="0" status="PASS">
          <reporter-output>
          </reporter-output>
        </test-method> <!-- initSoftAssert -->
        <test-method is-config="true" signature="setupSoftAssert()[pri:0, instance:tests.CusRegTest@2a79d4b1]" started-at="2026-02-23T17:01:42 NPT" name="setupSoftAssert" finished-at="2026-02-23T17:01:42 NPT" duration-ms="0" status="PASS">
          <reporter-output>
          </reporter-output>
        </test-method> <!-- setupSoftAssert -->
        <test-method is-config="true" signature="tearDownSoftAssert()[pri:0, instance:tests.CusRegTest@2a79d4b1]" started-at="2026-02-23T17:01:42 NPT" name="tearDownSoftAssert" finished-at="2026-02-23T17:01:42 NPT" duration-ms="0" status="PASS">
          <reporter-output>
          </reporter-output>
        </test-method> <!-- tearDownSoftAssert -->
        <test-method is-config="true" signature="tearDownSoftAssert()[pri:0, instance:tests.CusRegTest@2a79d4b1]" started-at="2026-02-23T17:01:52 NPT" name="tearDownSoftAssert" finished-at="2026-02-23T17:01:52 NPT" duration-ms="0" status="PASS">
          <reporter-output>
          </reporter-output>
        </test-method> <!-- tearDownSoftAssert -->
        <test-method is-config="true" signature="initSoftAssert()[pri:0, instance:tests.CusRegTest@2a79d4b1]" started-at="2026-02-23T17:01:52 NPT" name="initSoftAssert" finished-at="2026-02-23T17:01:52 NPT" duration-ms="0" status="PASS">
          <reporter-output>
          </reporter-output>
        </test-method> <!-- initSoftAssert -->
        <test-method is-config="true" signature="setupSoftAssert()[pri:0, instance:tests.CusRegTest@2a79d4b1]" started-at="2026-02-23T17:01:52 NPT" name="setupSoftAssert" finished-at="2026-02-23T17:01:52 NPT" duration-ms="0" status="PASS">
          <reporter-output>
          </reporter-output>
        </test-method> <!-- setupSoftAssert -->
        <test-method signature="verifyRelationshipDocument()[pri:14, instance:tests.CusRegTest@2a79d4b1]" started-at="2026-02-23T17:01:52 NPT" name="verifyRelationshipDocument" description="Verify Relationship Document" finished-at="2026-02-23T17:02:06 NPT" duration-ms="13612" status="PASS">
          <reporter-output>
          </reporter-output>
        </test-method> <!-- verifyRelationshipDocument -->
        <test-method is-config="true" signature="tearDownSoftAssert()[pri:0, instance:tests.CusRegTest@2a79d4b1]" started-at="2026-02-23T17:02:06 NPT" name="tearDownSoftAssert" finished-at="2026-02-23T17:02:06 NPT" duration-ms="5" status="PASS">
          <reporter-output>
          </reporter-output>
        </test-method> <!-- tearDownSoftAssert -->
        <test-method is-config="true" signature="initSoftAssert()[pri:0, instance:tests.CusRegTest@2a79d4b1]" started-at="2026-02-23T17:02:06 NPT" name="initSoftAssert" finished-at="2026-02-23T17:02:06 NPT" duration-ms="0" status="PASS">
          <reporter-output>
          </reporter-output>
        </test-method> <!-- initSoftAssert -->
        <test-method is-config="true" signature="setupSoftAssert()[pri:0, instance:tests.CusRegTest@2a79d4b1]" started-at="2026-02-23T17:02:06 NPT" name="setupSoftAssert" finished-at="2026-02-23T17:02:06 NPT" duration-ms="2" status="PASS">
          <reporter-output>
          </reporter-output>
        </test-method> <!-- setupSoftAssert -->
        <test-method signature="verifyRelationshipAddress()[pri:15, instance:tests.CusRegTest@2a79d4b1]" started-at="2026-02-23T17:02:06 NPT" name="verifyRelationshipAddress" description="Verify Relationship Address" finished-at="2026-02-23T17:02:26 NPT" duration-ms="20329" status="PASS">
          <reporter-output>
          </reporter-output>
        </test-method> <!-- verifyRelationshipAddress -->
        <test-method is-config="true" signature="tearDownSoftAssert()[pri:0, instance:tests.CusRegTest@2a79d4b1]" started-at="2026-02-23T17:02:26 NPT" name="tearDownSoftAssert" finished-at="2026-02-23T17:02:26 NPT" duration-ms="0" status="PASS">
          <reporter-output>
          </reporter-output>
        </test-method> <!-- tearDownSoftAssert -->
        <test-method is-config="true" signature="initSoftAssert()[pri:0, instance:tests.CusRegTest@2a79d4b1]" started-at="2026-02-23T17:02:26 NPT" name="initSoftAssert" finished-at="2026-02-23T17:02:26 NPT" duration-ms="2" status="PASS">
          <reporter-output>
          </reporter-output>
        </test-method> <!-- initSoftAssert -->
        <test-method signature="verifyRelationshipPhoto()[pri:16, instance:tests.CusRegTest@2a79d4b1]" started-at="2026-02-23T17:02:26 NPT" name="verifyRelationshipPhoto" description="Verify Relationship Photo" finished-at="2026-02-23T17:02:32 NPT" duration-ms="5687" status="PASS">
          <reporter-output>
          </reporter-output>
        </test-method> <!-- verifyRelationshipPhoto -->
        <test-method is-config="true" signature="setupSoftAssert()[pri:0, instance:tests.CusRegTest@2a79d4b1]" started-at="2026-02-23T17:02:26 NPT" name="setupSoftAssert" finished-at="2026-02-23T17:02:26 NPT" duration-ms="0" status="PASS">
          <reporter-output>
          </reporter-output>
        </test-method> <!-- setupSoftAssert -->
        <test-method is-config="true" signature="tearDownSoftAssert()[pri:0, instance:tests.CusRegTest@2a79d4b1]" started-at="2026-02-23T17:02:32 NPT" name="tearDownSoftAssert" finished-at="2026-02-23T17:02:32 NPT" duration-ms="1" status="PASS">
          <reporter-output>
          </reporter-output>
        </test-method> <!-- tearDownSoftAssert -->
        <test-method is-config="true" signature="tearDown()[pri:0, instance:tests.CusRegTest@2a79d4b1]" started-at="2026-02-23T17:02:32 NPT" name="tearDown" finished-at="2026-02-23T17:02:33 NPT" duration-ms="1094" status="PASS">
          <reporter-output>
          </reporter-output>
        </test-method> <!-- tearDown -->
      </class> <!-- tests.CusRegTest -->
    </test> <!-- Chrome Test -->
  </suite> <!-- Suite -->
</testng-results>
