<?xml version="1.0" encoding="UTF-8"?>
<testng-results ignored="0" total="1" passed="1" failed="0" skipped="0">
  <reporter-output>
  </reporter-output>
  <suite started-at="2026-02-18T16:33:20 NPT" name="Surefire suite" finished-at="2026-02-18T16:34:00 NPT" duration-ms="40278">
    <groups>
    </groups>
    <test started-at="2026-02-18T16:33:20 NPT" name="Surefire test" finished-at="2026-02-18T16:34:00 NPT" duration-ms="40278">
      <class name="tests.CusRegTest">
        <test-method is-config="true" signature="setUp()[pri:0, instance:tests.CusRegTest@1253e7cb]" started-at="2026-02-18T16:33:20 NPT" name="setUp" finished-at="2026-02-18T16:33:36 NPT" duration-ms="15862" status="PASS">
          <reporter-output>
          </reporter-output>
        </test-method> <!-- setUp -->
        <test-method is-config="true" signature="pageSetup()[pri:0, instance:tests.CusRegTest@1253e7cb]" started-at="2026-02-18T16:33:36 NPT" name="pageSetup" finished-at="2026-02-18T16:33:36 NPT" duration-ms="17" status="PASS">
          <reporter-output>
          </reporter-output>
        </test-method> <!-- pageSetup -->
        <test-method signature="verifyRelationshipIdentity()[pri:12, instance:tests.CusRegTest@1253e7cb]" started-at="2026-02-18T16:33:36 NPT" name="verifyRelationshipIdentity" finished-at="2026-02-18T16:33:55 NPT" duration-ms="19404" status="PASS">
          <reporter-output>
          </reporter-output>
        </test-method> <!-- verifyRelationshipIdentity -->
        <test-method is-config="true" signature="tearDown()[pri:0, instance:tests.CusRegTest@1253e7cb]" started-at="2026-02-18T16:33:55 NPT" name="tearDown" finished-at="2026-02-18T16:34:00 NPT" duration-ms="4910" status="PASS">
          <reporter-output>
          </reporter-output>
        </test-method> <!-- tearDown -->
      </class> <!-- tests.CusRegTest -->
    </test> <!-- Surefire test -->
  </suite> <!-- Surefire suite -->
</testng-results>
