<?xml version="1.0" encoding="UTF-8"?>
<testng-results ignored="0" total="1" passed="1" failed="0" skipped="0">
  <reporter-output>
  </reporter-output>
  <suite started-at="2026-03-09T16:06:01 NPT" name="Surefire suite" finished-at="2026-03-09T16:06:35 NPT" duration-ms="34119">
    <groups>
    </groups>
    <test started-at="2026-03-09T16:06:01 NPT" name="Surefire test" finished-at="2026-03-09T16:06:35 NPT" duration-ms="34119">
      <class name="tests.CorporateCustRegTest">
        <test-method is-config="true" signature="setUp()[pri:0, instance:tests.CorporateCustRegTest@5d512ddb]" started-at="2026-03-09T16:06:01 NPT" name="setUp" finished-at="2026-03-09T16:06:18 NPT" duration-ms="16803" status="PASS">
          <reporter-output>
          </reporter-output>
        </test-method> <!-- setUp -->
        <test-method is-config="true" signature="pageSetup()[pri:0, instance:tests.CorporateCustRegTest@5d512ddb]" started-at="2026-03-09T16:06:18 NPT" name="pageSetup" finished-at="2026-03-09T16:06:18 NPT" duration-ms="17" status="PASS">
          <reporter-output>
          </reporter-output>
        </test-method> <!-- pageSetup -->
        <test-method is-config="true" signature="initSoftAssert()[pri:0, instance:tests.CorporateCustRegTest@5d512ddb]" started-at="2026-03-09T16:06:18 NPT" name="initSoftAssert" finished-at="2026-03-09T16:06:18 NPT" duration-ms="8" status="PASS">
          <reporter-output>
          </reporter-output>
        </test-method> <!-- initSoftAssert -->
        <test-method is-config="true" signature="setupSoftAssert()[pri:0, instance:tests.CorporateCustRegTest@5d512ddb]" started-at="2026-03-09T16:06:18 NPT" name="setupSoftAssert" finished-at="2026-03-09T16:06:18 NPT" duration-ms="4" status="PASS">
          <reporter-output>
          </reporter-output>
        </test-method> <!-- setupSoftAssert -->
        <test-method signature="verifyCorporateCustomerRegistration()[pri:1, instance:tests.CorporateCustRegTest@5d512ddb]" started-at="2026-03-09T16:06:18 NPT" name="verifyCorporateCustomerRegistration" description="Verify Corporate Customer Registration" finished-at="2026-03-09T16:06:34 NPT" duration-ms="15630" status="PASS">
          <reporter-output>
          </reporter-output>
        </test-method> <!-- verifyCorporateCustomerRegistration -->
        <test-method is-config="true" signature="tearDown()[pri:0, instance:tests.CorporateCustRegTest@5d512ddb]" started-at="2026-03-09T16:06:34 NPT" name="tearDown" finished-at="2026-03-09T16:06:35 NPT" duration-ms="1332" status="PASS">
          <reporter-output>
          </reporter-output>
        </test-method> <!-- tearDown -->
      </class> <!-- tests.CorporateCustRegTest -->
    </test> <!-- Surefire test -->
  </suite> <!-- Surefire suite -->
</testng-results>
