<?xml version="1.0" encoding="UTF-8"?>
<testsuite xmlns:xsi="http://www.w3.org/2001/XMLSchema-instance" xsi:noNamespaceSchemaLocation="https://maven.apache.org/surefire/maven-surefire-plugin/xsd/surefire-test-report.xsd" version="3.0.1" name="TestSuite" time="170.797" tests="1" errors="0" skipped="0" failures="0">
  <properties>
[...]
</properties>
  <testcase name="verifyLogin" classname="tests.CusRegTest" time="146.959">
    <system-out><![CDATA[14:55:36 [WARN] org.testng.xml.TestNGContentHandler - It is strongly recommended to add "<!DOCTYPE suite SYSTEM "https://testng.org/testng-1.1.dtd" >" at the top of the suite file [C:\Users\Praveen_Vortex\eclipse-workspace\KYC_Cus_Reg\cust_reg.xml] otherwise TestNG may fail or not work as expected.
14:55:57 [INFO] utilities.LoggerUtil - Registration test started
14:55:57 [INFO] utilities.LoggerUtil - Clicking 'Customer Management' menu
14:55:57 [INFO] utilities.LoggerUtil - Clicking 'Customer Registration' submenu
14:55:57 [INFO] utilities.LoggerUtil - Clicking 'Add Customer Registration' button
14:55:58 [INFO] utilities.LoggerUtil - Verifying Customer Registration form visibility
14:55:59 [INFO] utilities.LoggerUtil - Selecting 'Individual' from Legal Status dropdown
14:55:59 [INFO] utilities.LoggerUtil - Selecting Is Employee option: No
14:55:59 [INFO] utilities.LoggerUtil - Clicking 'No' for Is Employee
14:55:59 [INFO] utilities.LoggerUtil - Entering Customer Name - First: Ram, Middle: Bahadur, Last: Karki
14:56:00 [INFO] utilities.LoggerUtil - Entering Customer Local Name - First: राम, Middle: बाहादुर, Last: कारकि
14:56:01 [INFO] utilities.LoggerUtil - Typing 'Karki' into Maiden Name field
14:56:01 [INFO] utilities.LoggerUtil - Selecting Date of Birth - Year: 1995, Month: March, Day: 29
14:56:02 [INFO] utilities.LoggerUtil - Selecting 'india' from Birth Country dropdown
14:56:02 [INFO] utilities.LoggerUtil - Typing 'india' into Birth Address for Non-local Customer field
14:56:02 [INFO] utilities.LoggerUtil - Unchecking 'Is Foreign Resident' checkbox
14:56:02 [INFO] utilities.LoggerUtil - Unchecking 'Is PEP' checkbox
14:56:02 [INFO] utilities.LoggerUtil - Selecting 'male' from Gender dropdown
14:56:02 [INFO] utilities.LoggerUtil - Selecting 'single' from Marital Status dropdown
14:56:02 [INFO] utilities.LoggerUtil - Selecting 'hindu' from Religion dropdown
14:56:03 [INFO] utilities.LoggerUtil - Selecting 'Master’s Degree' from Education Level dropdown
14:56:03 [INFO] utilities.LoggerUtil - Selecting 'nepali' from Mother Language dropdown
14:56:03 [INFO] utilities.LoggerUtil - Selecting 'nepali' from Preferred Communication Language dropdown
14:56:06 [INFO] utilities.LoggerUtil - Clicking 'Next' button
14:56:09 [INFO] utilities.LoggerUtil - Clicking 'Customer Identity' step
14:56:10 [INFO] utilities.LoggerUtil - Clicking 'Add' button to open Identity Form
14:56:10 [INFO] utilities.LoggerUtil - Verifying if Add Identity form is visible
14:56:10 [INFO] utilities.LoggerUtil - Checking if Add Identity form is visible
14:56:13 [INFO] utilities.LoggerUtil - Selecting 'Passport' from Identity Type dropdown
14:56:13 [INFO] utilities.LoggerUtil - Typing 'H123456789' into Identity Number field
14:56:13 [INFO] utilities.LoggerUtil - Typing 'DAO' into Open Issue Office Name field
14:56:17 [INFO] utilities.LoggerUtil - Selecting Issue Date - Year: 2020, Month: March, Day: 29
14:56:17 [INFO] utilities.LoggerUtil - Handling Expiry Date selection if applicable
14:56:17 [INFO] utilities.LoggerUtil - Checking 'Is Expiry Based' field value
Yes
14:56:17 [INFO] utilities.LoggerUtil - Identity is expiry-based. Selecting Expiry Date: Year 2030, Month March, Day 30
14:56:21 [INFO] utilities.LoggerUtil - Clicking 'Save' button
14:56:24 [INFO] utilities.LoggerUtil - Clicking 'Next' button
14:56:27 [INFO] utilities.LoggerUtil - Clicking 'Add' button to open Communication Form
14:56:30 [INFO] utilities.LoggerUtil - Selecting 'Mobile' from Device Type dropdown
14:56:34 [INFO] utilities.LoggerUtil - Selecting 'Yes' from 'Is Personal Device' dropdown
14:56:37 [INFO] utilities.LoggerUtil - Typing '1' into Priority Order field
14:56:40 [INFO] utilities.LoggerUtil - Typing '9841234567' into Device Number field
14:56:43 [INFO] utilities.LoggerUtil - Clicking 'Save' button
14:56:46 [INFO] utilities.LoggerUtil - Clicking 'Next' button
14:56:50 [INFO] utilities.LoggerUtil - Clicking 'Next' button on Document page
14:56:53 [INFO] utilities.LoggerUtil - Clicking 'Add' button to open Address Form
14:56:56 [INFO] utilities.LoggerUtil - Selecting 'Permanent' from Address Type dropdown
14:56:59 [INFO] utilities.LoggerUtil - Selecting 'Bagmati' from State dropdown
14:57:03 [INFO] utilities.LoggerUtil - Selecting 'Kathmandu' from District dropdown
14:57:06 [INFO] utilities.LoggerUtil - Selecting 'Kathmandu' from Local Body dropdown
14:57:09 [INFO] utilities.LoggerUtil - Typing '12345' into Postal Code field
14:57:12 [INFO] utilities.LoggerUtil - Typing 'Kathmandu' into Street field
14:57:16 [INFO] utilities.LoggerUtil - Typing '123' into Ward No field
14:57:19 [INFO] utilities.LoggerUtil - Typing '123' into House No field
14:57:22 [INFO] utilities.LoggerUtil - Typing '123' into Latitude field
14:57:25 [INFO] utilities.LoggerUtil - Typing '123' into Longitude field
14:57:28 [INFO] utilities.LoggerUtil - Clicking 'Save' button on Address page
14:57:32 [INFO] utilities.LoggerUtil - Clicking 'Next' button on Address page
14:57:35 [INFO] utilities.LoggerUtil - Clicking 'High Profilev Conn' step
14:57:38 [INFO] utilities.LoggerUtil - Clicking 'Add' button to open High Profile Form
14:57:41 [INFO] utilities.LoggerUtil - Typing 'Ram' into Full Name field
14:57:44 [INFO] utilities.LoggerUtil - Typing 'राम' into Full Name (Local) field
14:57:48 [INFO] utilities.LoggerUtil - Selecting 'male' from Gender dropdown
14:57:51 [INFO] utilities.LoggerUtil - Selecting 'father' from Relation dropdown
14:57:54 [INFO] utilities.LoggerUtil - Selecting 'engineer' from Occupation dropdown
14:57:57 [INFO] utilities.LoggerUtil - Selecting 'Pure Domestic Citizen' from Citizenship Category dropdown
14:58:01 [INFO] utilities.LoggerUtil - Selecting 'Nepal' from Primary Citizen Country dropdown
14:58:04 [INFO] utilities.LoggerUtil - Selecting 'Nepal' from Secondary Citizen Country dropdown
14:58:08 [INFO] utilities.LoggerUtil - Selecting 'Nepal' from Resident Country dropdown
14:58:11 [INFO] utilities.LoggerUtil - Selecting 'Nepal' from PR Country dropdown
14:58:14 [INFO] utilities.LoggerUtil - Selecting 'master' from Education dropdown
14:58:18 [INFO] utilities.LoggerUtil - Clicking 'Save' button on High Profile page
14:58:21 [INFO] utilities.LoggerUtil - Clicking 'Next' button on High Profile page
]]></system-out>
    <system-err><![CDATA[Feb 11, 2026 2:55:36 PM org.openqa.selenium.manager.SeleniumManager lambda$runCommand$1
WARNING: There was an error managing geckodriver (The geckodriver version cannot be discovered); using driver found in the cache
]]></system-err>
  </testcase>
</testsuite>