<?xml version="1.0" encoding="UTF-8"?>
<testng-results ignored="0" total="32" passed="31" failed="1" skipped="0">
  <reporter-output>
  </reporter-output>
  <suite started-at="2026-03-11T16:57:57 NPT" name="Suite" finished-at="2026-03-11T17:06:33 NPT" duration-ms="515928">
    <groups>
    </groups>
    <test started-at="2026-03-11T16:57:57 NPT" name="Chrome Test" finished-at="2026-03-11T17:06:33 NPT" duration-ms="515928">
      <class name="tests.CusRegTest">
        <test-method is-config="true" signature="setUp()[pri:0, instance:tests.CusRegTest@7e5b621b]" started-at="2026-03-11T16:57:57 NPT" name="setUp" finished-at="2026-03-11T16:58:13 NPT" duration-ms="16645" status="PASS">
          <reporter-output>
          </reporter-output>
        </test-method> <!-- setUp -->
        <test-method is-config="true" signature="pageSetup()[pri:0, instance:tests.CusRegTest@7e5b621b]" started-at="2026-03-11T16:58:13 NPT" name="pageSetup" finished-at="2026-03-11T16:58:13 NPT" duration-ms="44" status="PASS">
          <reporter-output>
          </reporter-output>
        </test-method> <!-- pageSetup -->
        <test-method is-config="true" signature="initSoftAssert()[pri:0, instance:tests.CusRegTest@7e5b621b]" started-at="2026-03-11T16:58:13 NPT" name="initSoftAssert" finished-at="2026-03-11T16:58:13 NPT" duration-ms="13" status="PASS">
          <reporter-output>
          </reporter-output>
        </test-method> <!-- initSoftAssert -->
        <test-method is-config="true" signature="setupSoftAssert()[pri:0, instance:tests.CusRegTest@7e5b621b]" started-at="2026-03-11T16:58:14 NPT" name="setupSoftAssert" finished-at="2026-03-11T16:58:14 NPT" duration-ms="1" status="PASS">
          <reporter-output>
          </reporter-output>
        </test-method> <!-- setupSoftAssert -->
        <test-method signature="verifyCustomerRegistration()[pri:1, instance:tests.CusRegTest@7e5b621b]" started-at="2026-03-11T16:58:14 NPT" name="verifyCustomerRegistration" description="Verify Customer Registration" finished-at="2026-03-11T16:58:28 NPT" duration-ms="14631" status="PASS">
          <reporter-output>
          </reporter-output>
        </test-method> <!-- verifyCustomerRegistration -->
        <test-method is-config="true" signature="initSoftAssert()[pri:0, instance:tests.CusRegTest@7e5b621b]" started-at="2026-03-11T16:58:28 NPT" name="initSoftAssert" finished-at="2026-03-11T16:58:28 NPT" duration-ms="1" status="PASS">
          <reporter-output>
          </reporter-output>
        </test-method> <!-- initSoftAssert -->
        <test-method is-config="true" signature="setupSoftAssert()[pri:0, instance:tests.CusRegTest@7e5b621b]" started-at="2026-03-11T16:58:28 NPT" name="setupSoftAssert" finished-at="2026-03-11T16:58:28 NPT" duration-ms="2" status="PASS">
          <reporter-output>
          </reporter-output>
        </test-method> <!-- setupSoftAssert -->
        <test-method signature="verifyIdentityDetails()[pri:2, instance:tests.CusRegTest@7e5b621b]" started-at="2026-03-11T16:58:28 NPT" name="verifyIdentityDetails" description="Verify Identity Details" finished-at="2026-03-11T16:58:40 NPT" duration-ms="11311" status="PASS">
          <reporter-output>
          </reporter-output>
        </test-method> <!-- verifyIdentityDetails -->
        <test-method is-config="true" signature="initSoftAssert()[pri:0, instance:tests.CusRegTest@7e5b621b]" started-at="2026-03-11T16:58:40 NPT" name="initSoftAssert" finished-at="2026-03-11T16:58:40 NPT" duration-ms="2" status="PASS">
          <reporter-output>
          </reporter-output>
        </test-method> <!-- initSoftAssert -->
        <test-method is-config="true" signature="setupSoftAssert()[pri:0, instance:tests.CusRegTest@7e5b621b]" started-at="2026-03-11T16:58:40 NPT" name="setupSoftAssert" finished-at="2026-03-11T16:58:40 NPT" duration-ms="0" status="PASS">
          <reporter-output>
          </reporter-output>
        </test-method> <!-- setupSoftAssert -->
        <test-method signature="verifyCommunicationDetails()[pri:3, instance:tests.CusRegTest@7e5b621b]" started-at="2026-03-11T16:58:40 NPT" name="verifyCommunicationDetails" description="Verify Communication Details" finished-at="2026-03-11T16:58:50 NPT" duration-ms="10597" status="PASS">
          <reporter-output>
          </reporter-output>
        </test-method> <!-- verifyCommunicationDetails -->
        <test-method is-config="true" signature="initSoftAssert()[pri:0, instance:tests.CusRegTest@7e5b621b]" started-at="2026-03-11T16:58:50 NPT" name="initSoftAssert" finished-at="2026-03-11T16:58:50 NPT" duration-ms="2" status="PASS">
          <reporter-output>
          </reporter-output>
        </test-method> <!-- initSoftAssert -->
        <test-method signature="verifyDocumentDetails()[pri:4, instance:tests.CusRegTest@7e5b621b]" started-at="2026-03-11T16:58:50 NPT" name="verifyDocumentDetails" description="Verify Document Details" finished-at="2026-03-11T16:58:54 NPT" duration-ms="3477" status="PASS">
          <reporter-output>
          </reporter-output>
        </test-method> <!-- verifyDocumentDetails -->
        <test-method is-config="true" signature="setupSoftAssert()[pri:0, instance:tests.CusRegTest@7e5b621b]" started-at="2026-03-11T16:58:50 NPT" name="setupSoftAssert" finished-at="2026-03-11T16:58:50 NPT" duration-ms="0" status="PASS">
          <reporter-output>
          </reporter-output>
        </test-method> <!-- setupSoftAssert -->
        <test-method is-config="true" signature="setupSoftAssert()[pri:0, instance:tests.CusRegTest@7e5b621b]" started-at="2026-03-11T16:58:54 NPT" name="setupSoftAssert" finished-at="2026-03-11T16:58:54 NPT" duration-ms="0" status="PASS">
          <reporter-output>
          </reporter-output>
        </test-method> <!-- setupSoftAssert -->
        <test-method is-config="true" signature="initSoftAssert()[pri:0, instance:tests.CusRegTest@7e5b621b]" started-at="2026-03-11T16:58:54 NPT" name="initSoftAssert" finished-at="2026-03-11T16:58:54 NPT" duration-ms="0" status="PASS">
          <reporter-output>
          </reporter-output>
        </test-method> <!-- initSoftAssert -->
        <test-method signature="verifyAddressDetails()[pri:5, instance:tests.CusRegTest@7e5b621b]" started-at="2026-03-11T16:58:54 NPT" name="verifyAddressDetails" description="Verify Address Details" finished-at="2026-03-11T16:59:20 NPT" duration-ms="25742" status="PASS">
          <reporter-output>
          </reporter-output>
        </test-method> <!-- verifyAddressDetails -->
        <test-method is-config="true" signature="initSoftAssert()[pri:0, instance:tests.CusRegTest@7e5b621b]" started-at="2026-03-11T16:59:20 NPT" name="initSoftAssert" finished-at="2026-03-11T16:59:20 NPT" duration-ms="0" status="PASS">
          <reporter-output>
          </reporter-output>
        </test-method> <!-- initSoftAssert -->
        <test-method is-config="true" signature="setupSoftAssert()[pri:0, instance:tests.CusRegTest@7e5b621b]" started-at="2026-03-11T16:59:20 NPT" name="setupSoftAssert" finished-at="2026-03-11T16:59:20 NPT" duration-ms="0" status="PASS">
          <reporter-output>
          </reporter-output>
        </test-method> <!-- setupSoftAssert -->
        <test-method signature="verifyHighProfileDetails()[pri:6, instance:tests.CusRegTest@7e5b621b]" started-at="2026-03-11T16:59:20 NPT" name="verifyHighProfileDetails" description="Verify High Profile Details" finished-at="2026-03-11T16:59:57 NPT" duration-ms="37502" status="PASS">
          <reporter-output>
          </reporter-output>
        </test-method> <!-- verifyHighProfileDetails -->
        <test-method is-config="true" signature="setupSoftAssert()[pri:0, instance:tests.CusRegTest@7e5b621b]" started-at="2026-03-11T16:59:57 NPT" name="setupSoftAssert" finished-at="2026-03-11T16:59:57 NPT" duration-ms="0" status="PASS">
          <reporter-output>
          </reporter-output>
        </test-method> <!-- setupSoftAssert -->
        <test-method is-config="true" signature="initSoftAssert()[pri:0, instance:tests.CusRegTest@7e5b621b]" started-at="2026-03-11T16:59:57 NPT" name="initSoftAssert" finished-at="2026-03-11T16:59:57 NPT" duration-ms="0" status="PASS">
          <reporter-output>
          </reporter-output>
        </test-method> <!-- initSoftAssert -->
        <test-method signature="verifyTransactionDetails()[pri:7, instance:tests.CusRegTest@7e5b621b]" started-at="2026-03-11T16:59:57 NPT" name="verifyTransactionDetails" description="Verify Transaction Details" finished-at="2026-03-11T17:00:00 NPT" duration-ms="3126" status="PASS">
          <reporter-output>
          </reporter-output>
        </test-method> <!-- verifyTransactionDetails -->
        <test-method is-config="true" signature="setupSoftAssert()[pri:0, instance:tests.CusRegTest@7e5b621b]" started-at="2026-03-11T17:00:00 NPT" name="setupSoftAssert" finished-at="2026-03-11T17:00:00 NPT" duration-ms="5" status="PASS">
          <reporter-output>
          </reporter-output>
        </test-method> <!-- setupSoftAssert -->
        <test-method is-config="true" signature="initSoftAssert()[pri:0, instance:tests.CusRegTest@7e5b621b]" started-at="2026-03-11T17:00:00 NPT" name="initSoftAssert" finished-at="2026-03-11T17:00:00 NPT" duration-ms="0" status="PASS">
          <reporter-output>
          </reporter-output>
        </test-method> <!-- initSoftAssert -->
        <test-method signature="verifyCashFlowDetails()[pri:8, instance:tests.CusRegTest@7e5b621b]" started-at="2026-03-11T17:00:00 NPT" name="verifyCashFlowDetails" description="Verify Cash Flow Details" finished-at="2026-03-11T17:00:09 NPT" duration-ms="9187" status="PASS">
          <reporter-output>
          </reporter-output>
        </test-method> <!-- verifyCashFlowDetails -->
        <test-method signature="verifyExposureDetails()[pri:9, instance:tests.CusRegTest@7e5b621b]" started-at="2026-03-11T17:00:09 NPT" name="verifyExposureDetails" description="Verify Exposure Details" finished-at="2026-03-11T17:00:19 NPT" duration-ms="9694" status="PASS">
          <reporter-output>
          </reporter-output>
        </test-method> <!-- verifyExposureDetails -->
        <test-method is-config="true" signature="setupSoftAssert()[pri:0, instance:tests.CusRegTest@7e5b621b]" started-at="2026-03-11T17:00:09 NPT" name="setupSoftAssert" finished-at="2026-03-11T17:00:09 NPT" duration-ms="0" status="PASS">
          <reporter-output>
          </reporter-output>
        </test-method> <!-- setupSoftAssert -->
        <test-method is-config="true" signature="initSoftAssert()[pri:0, instance:tests.CusRegTest@7e5b621b]" started-at="2026-03-11T17:00:09 NPT" name="initSoftAssert" finished-at="2026-03-11T17:00:09 NPT" duration-ms="0" status="PASS">
          <reporter-output>
          </reporter-output>
        </test-method> <!-- initSoftAssert -->
        <test-method signature="verifyEmploymentDetails()[pri:10, instance:tests.CusRegTest@7e5b621b]" started-at="2026-03-11T17:00:19 NPT" name="verifyEmploymentDetails" description="Verify Employment Details" finished-at="2026-03-11T17:00:31 NPT" duration-ms="11770" status="PASS">
          <reporter-output>
          </reporter-output>
        </test-method> <!-- verifyEmploymentDetails -->
        <test-method is-config="true" signature="initSoftAssert()[pri:0, instance:tests.CusRegTest@7e5b621b]" started-at="2026-03-11T17:00:19 NPT" name="initSoftAssert" finished-at="2026-03-11T17:00:19 NPT" duration-ms="0" status="PASS">
          <reporter-output>
          </reporter-output>
        </test-method> <!-- initSoftAssert -->
        <test-method is-config="true" signature="setupSoftAssert()[pri:0, instance:tests.CusRegTest@7e5b621b]" started-at="2026-03-11T17:00:19 NPT" name="setupSoftAssert" finished-at="2026-03-11T17:00:19 NPT" duration-ms="0" status="PASS">
          <reporter-output>
          </reporter-output>
        </test-method> <!-- setupSoftAssert -->
        <test-method is-config="true" signature="setupSoftAssert()[pri:0, instance:tests.CusRegTest@7e5b621b]" started-at="2026-03-11T17:00:31 NPT" name="setupSoftAssert" finished-at="2026-03-11T17:00:31 NPT" duration-ms="7" status="PASS">
          <reporter-output>
          </reporter-output>
        </test-method> <!-- setupSoftAssert -->
        <test-method is-config="true" signature="initSoftAssert()[pri:0, instance:tests.CusRegTest@7e5b621b]" started-at="2026-03-11T17:00:31 NPT" name="initSoftAssert" finished-at="2026-03-11T17:00:31 NPT" duration-ms="0" status="PASS">
          <reporter-output>
          </reporter-output>
        </test-method> <!-- initSoftAssert -->
        <test-method signature="verifyRelationshipDetails()[pri:11, instance:tests.CusRegTest@7e5b621b]" started-at="2026-03-11T17:00:31 NPT" name="verifyRelationshipDetails" description="Verify Relationship Master" finished-at="2026-03-11T17:00:44 NPT" duration-ms="12819" status="PASS">
          <reporter-output>
          </reporter-output>
        </test-method> <!-- verifyRelationshipDetails -->
        <test-method is-config="true" signature="setupSoftAssert()[pri:0, instance:tests.CusRegTest@7e5b621b]" started-at="2026-03-11T17:00:44 NPT" name="setupSoftAssert" finished-at="2026-03-11T17:00:44 NPT" duration-ms="0" status="PASS">
          <reporter-output>
          </reporter-output>
        </test-method> <!-- setupSoftAssert -->
        <test-method is-config="true" signature="initSoftAssert()[pri:0, instance:tests.CusRegTest@7e5b621b]" started-at="2026-03-11T17:00:44 NPT" name="initSoftAssert" finished-at="2026-03-11T17:00:44 NPT" duration-ms="0" status="PASS">
          <reporter-output>
          </reporter-output>
        </test-method> <!-- initSoftAssert -->
        <test-method signature="verifyRelationshipIdentity()[pri:12, instance:tests.CusRegTest@7e5b621b]" started-at="2026-03-11T17:00:44 NPT" name="verifyRelationshipIdentity" description="Verify Relationship Identity" finished-at="2026-03-11T17:00:46 NPT" duration-ms="2308" status="PASS">
          <reporter-output>
          </reporter-output>
        </test-method> <!-- verifyRelationshipIdentity -->
        <test-method is-config="true" signature="initSoftAssert()[pri:0, instance:tests.CusRegTest@7e5b621b]" started-at="2026-03-11T17:00:46 NPT" name="initSoftAssert" finished-at="2026-03-11T17:00:46 NPT" duration-ms="0" status="PASS">
          <reporter-output>
          </reporter-output>
        </test-method> <!-- initSoftAssert -->
        <test-method is-config="true" signature="setupSoftAssert()[pri:0, instance:tests.CusRegTest@7e5b621b]" started-at="2026-03-11T17:00:46 NPT" name="setupSoftAssert" finished-at="2026-03-11T17:00:46 NPT" duration-ms="2" status="PASS">
          <reporter-output>
          </reporter-output>
        </test-method> <!-- setupSoftAssert -->
        <test-method signature="verifyRelationshipCommunication()[pri:13, instance:tests.CusRegTest@7e5b621b]" started-at="2026-03-11T17:00:46 NPT" name="verifyRelationshipCommunication" description="Verify Relationship Communication" finished-at="2026-03-11T17:00:49 NPT" duration-ms="2494" status="PASS">
          <reporter-output>
          </reporter-output>
        </test-method> <!-- verifyRelationshipCommunication -->
        <test-method is-config="true" signature="initSoftAssert()[pri:0, instance:tests.CusRegTest@7e5b621b]" started-at="2026-03-11T17:00:49 NPT" name="initSoftAssert" finished-at="2026-03-11T17:00:49 NPT" duration-ms="0" status="PASS">
          <reporter-output>
          </reporter-output>
        </test-method> <!-- initSoftAssert -->
        <test-method signature="verifyRelationshipDocument()[pri:14, instance:tests.CusRegTest@7e5b621b]" started-at="2026-03-11T17:00:49 NPT" name="verifyRelationshipDocument" description="Verify Relationship Document" finished-at="2026-03-11T17:00:51 NPT" duration-ms="2232" status="PASS">
          <reporter-output>
          </reporter-output>
        </test-method> <!-- verifyRelationshipDocument -->
        <test-method is-config="true" signature="setupSoftAssert()[pri:0, instance:tests.CusRegTest@7e5b621b]" started-at="2026-03-11T17:00:49 NPT" name="setupSoftAssert" finished-at="2026-03-11T17:00:49 NPT" duration-ms="0" status="PASS">
          <reporter-output>
          </reporter-output>
        </test-method> <!-- setupSoftAssert -->
        <test-method is-config="true" signature="initSoftAssert()[pri:0, instance:tests.CusRegTest@7e5b621b]" started-at="2026-03-11T17:00:51 NPT" name="initSoftAssert" finished-at="2026-03-11T17:00:51 NPT" duration-ms="0" status="PASS">
          <reporter-output>
          </reporter-output>
        </test-method> <!-- initSoftAssert -->
        <test-method is-config="true" signature="setupSoftAssert()[pri:0, instance:tests.CusRegTest@7e5b621b]" started-at="2026-03-11T17:00:51 NPT" name="setupSoftAssert" finished-at="2026-03-11T17:00:51 NPT" duration-ms="0" status="PASS">
          <reporter-output>
          </reporter-output>
        </test-method> <!-- setupSoftAssert -->
        <test-method signature="verifyRelationshipAddress()[pri:15, instance:tests.CusRegTest@7e5b621b]" started-at="2026-03-11T17:00:51 NPT" name="verifyRelationshipAddress" description="Verify Relationship Address" finished-at="2026-03-11T17:00:53 NPT" duration-ms="2220" status="PASS">
          <reporter-output>
          </reporter-output>
        </test-method> <!-- verifyRelationshipAddress -->
        <test-method is-config="true" signature="initSoftAssert()[pri:0, instance:tests.CusRegTest@7e5b621b]" started-at="2026-03-11T17:00:53 NPT" name="initSoftAssert" finished-at="2026-03-11T17:00:53 NPT" duration-ms="1" status="PASS">
          <reporter-output>
          </reporter-output>
        </test-method> <!-- initSoftAssert -->
        <test-method is-config="true" signature="setupSoftAssert()[pri:0, instance:tests.CusRegTest@7e5b621b]" started-at="2026-03-11T17:00:53 NPT" name="setupSoftAssert" finished-at="2026-03-11T17:00:53 NPT" duration-ms="1" status="PASS">
          <reporter-output>
          </reporter-output>
        </test-method> <!-- setupSoftAssert -->
        <test-method signature="verifyRelationshipPhoto()[pri:16, instance:tests.CusRegTest@7e5b621b]" started-at="2026-03-11T17:00:53 NPT" name="verifyRelationshipPhoto" description="Verify Relationship Photo" finished-at="2026-03-11T17:00:55 NPT" duration-ms="2158" status="PASS">
          <reporter-output>
          </reporter-output>
        </test-method> <!-- verifyRelationshipPhoto -->
        <test-method is-config="true" signature="tearDown()[pri:0, instance:tests.CusRegTest@7e5b621b]" started-at="2026-03-11T17:00:55 NPT" name="tearDown" finished-at="2026-03-11T17:00:56 NPT" duration-ms="831" status="PASS">
          <reporter-output>
          </reporter-output>
        </test-method> <!-- tearDown -->
      </class> <!-- tests.CusRegTest -->
      <class name="tests.CorporateCustRegTest">
        <test-method is-config="true" signature="setUp()[pri:0, instance:tests.CorporateCustRegTest@49edcb30]" started-at="2026-03-11T17:00:56 NPT" name="setUp" finished-at="2026-03-11T17:01:12 NPT" duration-ms="16235" status="PASS">
          <reporter-output>
          </reporter-output>
        </test-method> <!-- setUp -->
        <test-method is-config="true" signature="pageSetup()[pri:0, instance:tests.CorporateCustRegTest@49edcb30]" started-at="2026-03-11T17:01:12 NPT" name="pageSetup" finished-at="2026-03-11T17:01:12 NPT" duration-ms="0" status="PASS">
          <reporter-output>
          </reporter-output>
        </test-method> <!-- pageSetup -->
        <test-method is-config="true" signature="initSoftAssert()[pri:0, instance:tests.CorporateCustRegTest@49edcb30]" started-at="2026-03-11T17:01:12 NPT" name="initSoftAssert" finished-at="2026-03-11T17:01:12 NPT" duration-ms="0" status="PASS">
          <reporter-output>
          </reporter-output>
        </test-method> <!-- initSoftAssert -->
        <test-method is-config="true" signature="setupSoftAssert()[pri:0, instance:tests.CorporateCustRegTest@49edcb30]" started-at="2026-03-11T17:01:12 NPT" name="setupSoftAssert" finished-at="2026-03-11T17:01:12 NPT" duration-ms="0" status="PASS">
          <reporter-output>
          </reporter-output>
        </test-method> <!-- setupSoftAssert -->
        <test-method signature="verifyCorporateCustomerRegistration()[pri:1, instance:tests.CorporateCustRegTest@49edcb30]" started-at="2026-03-11T17:01:12 NPT" name="verifyCorporateCustomerRegistration" description="Verify Corporate Customer Registration" finished-at="2026-03-11T17:01:28 NPT" duration-ms="16093" status="PASS">
          <reporter-output>
          </reporter-output>
        </test-method> <!-- verifyCorporateCustomerRegistration -->
        <test-method is-config="true" signature="initSoftAssert()[pri:0, instance:tests.CorporateCustRegTest@49edcb30]" started-at="2026-03-11T17:01:28 NPT" name="initSoftAssert" finished-at="2026-03-11T17:01:28 NPT" duration-ms="1" status="PASS">
          <reporter-output>
          </reporter-output>
        </test-method> <!-- initSoftAssert -->
        <test-method is-config="true" signature="setupSoftAssert()[pri:0, instance:tests.CorporateCustRegTest@49edcb30]" started-at="2026-03-11T17:01:28 NPT" name="setupSoftAssert" finished-at="2026-03-11T17:01:28 NPT" duration-ms="3" status="PASS">
          <reporter-output>
          </reporter-output>
        </test-method> <!-- setupSoftAssert -->
        <test-method signature="verifyIdentityDetails()[pri:2, instance:tests.CorporateCustRegTest@49edcb30]" started-at="2026-03-11T17:01:28 NPT" name="verifyIdentityDetails" description="Verify Identity Details" finished-at="2026-03-11T17:01:40 NPT" duration-ms="11698" status="PASS">
          <reporter-output>
          </reporter-output>
        </test-method> <!-- verifyIdentityDetails -->
        <test-method is-config="true" signature="initSoftAssert()[pri:0, instance:tests.CorporateCustRegTest@49edcb30]" started-at="2026-03-11T17:01:40 NPT" name="initSoftAssert" finished-at="2026-03-11T17:01:40 NPT" duration-ms="1" status="PASS">
          <reporter-output>
          </reporter-output>
        </test-method> <!-- initSoftAssert -->
        <test-method is-config="true" signature="setupSoftAssert()[pri:0, instance:tests.CorporateCustRegTest@49edcb30]" started-at="2026-03-11T17:01:40 NPT" name="setupSoftAssert" finished-at="2026-03-11T17:01:40 NPT" duration-ms="2" status="PASS">
          <reporter-output>
          </reporter-output>
        </test-method> <!-- setupSoftAssert -->
        <test-method signature="verifyCommunicationDetails()[pri:3, instance:tests.CorporateCustRegTest@49edcb30]" started-at="2026-03-11T17:01:40 NPT" name="verifyCommunicationDetails" description="Verify Communication Details" finished-at="2026-03-11T17:01:51 NPT" duration-ms="10470" status="PASS">
          <reporter-output>
          </reporter-output>
        </test-method> <!-- verifyCommunicationDetails -->
        <test-method is-config="true" signature="initSoftAssert()[pri:0, instance:tests.CorporateCustRegTest@49edcb30]" started-at="2026-03-11T17:01:51 NPT" name="initSoftAssert" finished-at="2026-03-11T17:01:51 NPT" duration-ms="0" status="PASS">
          <reporter-output>
          </reporter-output>
        </test-method> <!-- initSoftAssert -->
        <test-method signature="verifyDocumentDetails()[pri:4, instance:tests.CorporateCustRegTest@49edcb30]" started-at="2026-03-11T17:01:51 NPT" name="verifyDocumentDetails" description="Verify Document Details" finished-at="2026-03-11T17:01:54 NPT" duration-ms="3242" status="PASS">
          <reporter-output>
          </reporter-output>
        </test-method> <!-- verifyDocumentDetails -->
        <test-method is-config="true" signature="setupSoftAssert()[pri:0, instance:tests.CorporateCustRegTest@49edcb30]" started-at="2026-03-11T17:01:51 NPT" name="setupSoftAssert" finished-at="2026-03-11T17:01:51 NPT" duration-ms="0" status="PASS">
          <reporter-output>
          </reporter-output>
        </test-method> <!-- setupSoftAssert -->
        <test-method is-config="true" signature="initSoftAssert()[pri:0, instance:tests.CorporateCustRegTest@49edcb30]" started-at="2026-03-11T17:01:54 NPT" name="initSoftAssert" finished-at="2026-03-11T17:01:54 NPT" duration-ms="4" status="PASS">
          <reporter-output>
          </reporter-output>
        </test-method> <!-- initSoftAssert -->
        <test-method signature="verifyAddressDetails()[pri:5, instance:tests.CorporateCustRegTest@49edcb30]" started-at="2026-03-11T17:01:54 NPT" name="verifyAddressDetails" description="Verify Address Details" finished-at="2026-03-11T17:02:23 NPT" duration-ms="28659" status="PASS">
          <reporter-output>
          </reporter-output>
        </test-method> <!-- verifyAddressDetails -->
        <test-method is-config="true" signature="setupSoftAssert()[pri:0, instance:tests.CorporateCustRegTest@49edcb30]" started-at="2026-03-11T17:01:54 NPT" name="setupSoftAssert" finished-at="2026-03-11T17:01:54 NPT" duration-ms="0" status="PASS">
          <reporter-output>
          </reporter-output>
        </test-method> <!-- setupSoftAssert -->
        <test-method is-config="true" signature="initSoftAssert()[pri:0, instance:tests.CorporateCustRegTest@49edcb30]" started-at="2026-03-11T17:02:23 NPT" name="initSoftAssert" finished-at="2026-03-11T17:02:23 NPT" duration-ms="0" status="PASS">
          <reporter-output>
          </reporter-output>
        </test-method> <!-- initSoftAssert -->
        <test-method is-config="true" signature="setupSoftAssert()[pri:0, instance:tests.CorporateCustRegTest@49edcb30]" started-at="2026-03-11T17:02:23 NPT" name="setupSoftAssert" finished-at="2026-03-11T17:02:23 NPT" duration-ms="1" status="PASS">
          <reporter-output>
          </reporter-output>
        </test-method> <!-- setupSoftAssert -->
        <test-method signature="verifyHighProfileDetails()[pri:6, instance:tests.CorporateCustRegTest@49edcb30]" started-at="2026-03-11T17:02:23 NPT" name="verifyHighProfileDetails" description="Verify High Profile Details" finished-at="2026-03-11T17:03:03 NPT" duration-ms="40116" status="PASS">
          <reporter-output>
          </reporter-output>
        </test-method> <!-- verifyHighProfileDetails -->
        <test-method is-config="true" signature="initSoftAssert()[pri:0, instance:tests.CorporateCustRegTest@49edcb30]" started-at="2026-03-11T17:03:03 NPT" name="initSoftAssert" finished-at="2026-03-11T17:03:03 NPT" duration-ms="0" status="PASS">
          <reporter-output>
          </reporter-output>
        </test-method> <!-- initSoftAssert -->
        <test-method is-config="true" signature="setupSoftAssert()[pri:0, instance:tests.CorporateCustRegTest@49edcb30]" started-at="2026-03-11T17:03:03 NPT" name="setupSoftAssert" finished-at="2026-03-11T17:03:03 NPT" duration-ms="0" status="PASS">
          <reporter-output>
          </reporter-output>
        </test-method> <!-- setupSoftAssert -->
        <test-method signature="verifyTransactionDetails()[pri:7, instance:tests.CorporateCustRegTest@49edcb30]" started-at="2026-03-11T17:03:03 NPT" name="verifyTransactionDetails" description="Verify Transaction Details" finished-at="2026-03-11T17:03:07 NPT" duration-ms="4766" status="PASS">
          <reporter-output>
          </reporter-output>
        </test-method> <!-- verifyTransactionDetails -->
        <test-method is-config="true" signature="initSoftAssert()[pri:0, instance:tests.CorporateCustRegTest@49edcb30]" started-at="2026-03-11T17:03:07 NPT" name="initSoftAssert" finished-at="2026-03-11T17:03:07 NPT" duration-ms="4" status="PASS">
          <reporter-output>
          </reporter-output>
        </test-method> <!-- initSoftAssert -->
        <test-method is-config="true" signature="setupSoftAssert()[pri:0, instance:tests.CorporateCustRegTest@49edcb30]" started-at="2026-03-11T17:03:07 NPT" name="setupSoftAssert" finished-at="2026-03-11T17:03:07 NPT" duration-ms="8" status="PASS">
          <reporter-output>
          </reporter-output>
        </test-method> <!-- setupSoftAssert -->
        <test-method signature="verifyCashFlowDetails()[pri:8, instance:tests.CorporateCustRegTest@49edcb30]" started-at="2026-03-11T17:03:07 NPT" name="verifyCashFlowDetails" description="Verify Cash Flow Details" finished-at="2026-03-11T17:03:22 NPT" duration-ms="14158" status="PASS">
          <reporter-output>
          </reporter-output>
        </test-method> <!-- verifyCashFlowDetails -->
        <test-method is-config="true" signature="initSoftAssert()[pri:0, instance:tests.CorporateCustRegTest@49edcb30]" started-at="2026-03-11T17:03:22 NPT" name="initSoftAssert" finished-at="2026-03-11T17:03:22 NPT" duration-ms="0" status="PASS">
          <reporter-output>
          </reporter-output>
        </test-method> <!-- initSoftAssert -->
        <test-method is-config="true" signature="setupSoftAssert()[pri:0, instance:tests.CorporateCustRegTest@49edcb30]" started-at="2026-03-11T17:03:22 NPT" name="setupSoftAssert" finished-at="2026-03-11T17:03:22 NPT" duration-ms="0" status="PASS">
          <reporter-output>
          </reporter-output>
        </test-method> <!-- setupSoftAssert -->
        <test-method signature="verifyExposureDetails()[pri:9, instance:tests.CorporateCustRegTest@49edcb30]" started-at="2026-03-11T17:03:22 NPT" name="verifyExposureDetails" description="Verify Exposure Details" finished-at="2026-03-11T17:03:32 NPT" duration-ms="10444" status="PASS">
          <reporter-output>
          </reporter-output>
        </test-method> <!-- verifyExposureDetails -->
        <test-method is-config="true" signature="initSoftAssert()[pri:0, instance:tests.CorporateCustRegTest@49edcb30]" started-at="2026-03-11T17:03:32 NPT" name="initSoftAssert" finished-at="2026-03-11T17:03:32 NPT" duration-ms="0" status="PASS">
          <reporter-output>
          </reporter-output>
        </test-method> <!-- initSoftAssert -->
        <test-method signature="verifyEmploymentDetails()[pri:10, instance:tests.CorporateCustRegTest@49edcb30]" started-at="2026-03-11T17:03:32 NPT" name="verifyEmploymentDetails" description="Verify Employment Details" finished-at="2026-03-11T17:04:34 NPT" duration-ms="62007" status="FAIL">
          <exception class="java.lang.AssertionError">
            <message>
              <![CDATA[The following asserts failed:
Action 'click' failed for element: By.xpath: //p[normalize-space()='Employment Details'] | Error: Expected condition failed: waiting for element to be clickable: By.xpath: //p[normalize-space()='Employment Details'] (tried for 5 second(s) with 500 milliseconds interval)
Build info: version: '4.35.0', revision: '1c58e5028b'
System info: os.name: 'Windows 11', os.arch: 'amd64', os.version: '10.0', java.version: '21.0.9'
Driver info: org.openqa.selenium.firefox.FirefoxDriver
Capabilities {acceptInsecureCerts: true, browserName: firefox, browserVersion: 147.0.2, moz:accessibilityChecks: false, moz:buildID: 20260126151322, moz:geckodriverVersion: 0.36.0, moz:headless: false, moz:platformVersion: 10.0, moz:processID: 17184, moz:profile: C:\Users\PRAVEE~1\AppData\L..., moz:shutdownTimeout: 60000, moz:webdriverClick: true, moz:windowless: false, pageLoadStrategy: normal, platformName: windows, proxy: Proxy(), setWindowRect: true, strictFileInteractability: false, timeouts: {implicit: 0, pageLoad: 300000, script: 30000}, unhandledPromptBehavior: dismiss and notify, userAgent: Mozilla/5.0 (Windows NT 10....}
Session ID: bf4ec5ce-b2b5-41af-8257-c04073cd18a4,
Action 'assertElementVisible' failed for element: By.xpath: //h4[normalize-space()='Employment Details'] | Error: Expected condition failed: waiting for visibility of element located by By.xpath: //h4[normalize-space()='Employment Details'] (tried for 5 second(s) with 500 milliseconds interval)
Build info: version: '4.35.0', revision: '1c58e5028b'
System info: os.name: 'Windows 11', os.arch: 'amd64', os.version: '10.0', java.version: '21.0.9'
Driver info: org.openqa.selenium.firefox.FirefoxDriver
Capabilities {acceptInsecureCerts: true, browserName: firefox, browserVersion: 147.0.2, moz:accessibilityChecks: false, moz:buildID: 20260126151322, moz:geckodriverVersion: 0.36.0, moz:headless: false, moz:platformVersion: 10.0, moz:processID: 17184, moz:profile: C:\Users\PRAVEE~1\AppData\L..., moz:shutdownTimeout: 60000, moz:webdriverClick: true, moz:windowless: false, pageLoadStrategy: normal, platformName: windows, proxy: Proxy(), setWindowRect: true, strictFileInteractability: false, timeouts: {implicit: 0, pageLoad: 300000, script: 30000}, unhandledPromptBehavior: dismiss and notify, userAgent: Mozilla/5.0 (Windows NT 10....}
Session ID: bf4ec5ce-b2b5-41af-8257-c04073cd18a4,
Action 'selectFromReactSelect' failed for element: By.xpath: //input[@aria-label='employmentTypeCode']/ancestor::div[contains(@class, 'container')] | Error: Expected condition failed: waiting for element to be clickable: By.xpath: //input[@aria-label='employmentTypeCode']/ancestor::div[contains(@class, 'container')] (tried for 5 second(s) with 500 milliseconds interval)
Build info: version: '4.35.0', revision: '1c58e5028b'
System info: os.name: 'Windows 11', os.arch: 'amd64', os.version: '10.0', java.version: '21.0.9'
Driver info: org.openqa.selenium.firefox.FirefoxDriver
Capabilities {acceptInsecureCerts: true, browserName: firefox, browserVersion: 147.0.2, moz:accessibilityChecks: false, moz:buildID: 20260126151322, moz:geckodriverVersion: 0.36.0, moz:headless: false, moz:platformVersion: 10.0, moz:processID: 17184, moz:profile: C:\Users\PRAVEE~1\AppData\L..., moz:shutdownTimeout: 60000, moz:webdriverClick: true, moz:windowless: false, pageLoadStrategy: normal, platformName: windows, proxy: Proxy(), setWindowRect: true, strictFileInteractability: false, timeouts: {implicit: 0, pageLoad: 300000, script: 30000}, unhandledPromptBehavior: dismiss and notify, userAgent: Mozilla/5.0 (Windows NT 10....}
Session ID: bf4ec5ce-b2b5-41af-8257-c04073cd18a4,
Action 'selectFromReactSelect' failed for element: By.xpath: //input[@aria-label='primaryOccupationId']/ancestor::div[contains(@class, 'container')] | Error: Expected condition failed: waiting for element to be clickable: By.xpath: //input[@aria-label='primaryOccupationId']/ancestor::div[contains(@class, 'container')] (tried for 5 second(s) with 500 milliseconds interval)
Build info: version: '4.35.0', revision: '1c58e5028b'
System info: os.name: 'Windows 11', os.arch: 'amd64', os.version: '10.0', java.version: '21.0.9'
Driver info: org.openqa.selenium.firefox.FirefoxDriver
Capabilities {acceptInsecureCerts: true, browserName: firefox, browserVersion: 147.0.2, moz:accessibilityChecks: false, moz:buildID: 20260126151322, moz:geckodriverVersion: 0.36.0, moz:headless: false, moz:platformVersion: 10.0, moz:processID: 17184, moz:profile: C:\Users\PRAVEE~1\AppData\L..., moz:shutdownTimeout: 60000, moz:webdriverClick: true, moz:windowless: false, pageLoadStrategy: normal, platformName: windows, proxy: Proxy(), setWindowRect: true, strictFileInteractability: false, timeouts: {implicit: 0, pageLoad: 300000, script: 30000}, unhandledPromptBehavior: dismiss and notify, userAgent: Mozilla/5.0 (Windows NT 10....}
Session ID: bf4ec5ce-b2b5-41af-8257-c04073cd18a4,
Action 'selectFromReactSelect' failed for element: By.xpath: //input[@aria-label='primaryOccupationDesignationId']/ancestor::div[contains(@class, 'container')] | Error: Expected condition failed: waiting for element to be clickable: By.xpath: //input[@aria-label='primaryOccupationDesignationId']/ancestor::div[contains(@class, 'container')] (tried for 5 second(s) with 500 milliseconds interval)
Build info: version: '4.35.0', revision: '1c58e5028b'
System info: os.name: 'Windows 11', os.arch: 'amd64', os.version: '10.0', java.version: '21.0.9'
Driver info: org.openqa.selenium.firefox.FirefoxDriver
Capabilities {acceptInsecureCerts: true, browserName: firefox, browserVersion: 147.0.2, moz:accessibilityChecks: false, moz:buildID: 20260126151322, moz:geckodriverVersion: 0.36.0, moz:headless: false, moz:platformVersion: 10.0, moz:processID: 17184, moz:profile: C:\Users\PRAVEE~1\AppData\L..., moz:shutdownTimeout: 60000, moz:webdriverClick: true, moz:windowless: false, pageLoadStrategy: normal, platformName: windows, proxy: Proxy(), setWindowRect: true, strictFileInteractability: false, timeouts: {implicit: 0, pageLoad: 300000, script: 30000}, unhandledPromptBehavior: dismiss and notify, userAgent: Mozilla/5.0 (Windows NT 10....}
Session ID: bf4ec5ce-b2b5-41af-8257-c04073cd18a4,
Action 'typeText' failed for element: By.xpath: //input[@name='organizationName'] | Error: Expected condition failed: waiting for visibility of element located by By.xpath: //input[@name='organizationName'] (tried for 5 second(s) with 500 milliseconds interval)
Build info: version: '4.35.0', revision: '1c58e5028b'
System info: os.name: 'Windows 11', os.arch: 'amd64', os.version: '10.0', java.version: '21.0.9'
Driver info: org.openqa.selenium.firefox.FirefoxDriver
Capabilities {acceptInsecureCerts: true, browserName: firefox, browserVersion: 147.0.2, moz:accessibilityChecks: false, moz:buildID: 20260126151322, moz:geckodriverVersion: 0.36.0, moz:headless: false, moz:platformVersion: 10.0, moz:processID: 17184, moz:profile: C:\Users\PRAVEE~1\AppData\L..., moz:shutdownTimeout: 60000, moz:webdriverClick: true, moz:windowless: false, pageLoadStrategy: normal, platformName: windows, proxy: Proxy(), setWindowRect: true, strictFileInteractability: false, timeouts: {implicit: 0, pageLoad: 300000, script: 30000}, unhandledPromptBehavior: dismiss and notify, userAgent: Mozilla/5.0 (Windows NT 10....}
Session ID: bf4ec5ce-b2b5-41af-8257-c04073cd18a4,
Action 'getAttributeValue' failed for element: By.xpath: //input[@name='organizationName'] | Error: Expected condition failed: waiting for presence of element located by: By.xpath: //input[@name='organizationName'] (tried for 5 second(s) with 500 milliseconds interval),
Organization Name mismatch expected [Tech Corp] but found [],
Action 'typeText' failed for element: By.xpath: //input[@name='address'] | Error: Expected condition failed: waiting for visibility of element located by By.xpath: //input[@name='address'] (tried for 5 second(s) with 500 milliseconds interval)
Build info: version: '4.35.0', revision: '1c58e5028b'
System info: os.name: 'Windows 11', os.arch: 'amd64', os.version: '10.0', java.version: '21.0.9'
Driver info: org.openqa.selenium.firefox.FirefoxDriver
Capabilities {acceptInsecureCerts: true, browserName: firefox, browserVersion: 147.0.2, moz:accessibilityChecks: false, moz:buildID: 20260126151322, moz:geckodriverVersion: 0.36.0, moz:headless: false, moz:platformVersion: 10.0, moz:processID: 17184, moz:profile: C:\Users\PRAVEE~1\AppData\L..., moz:shutdownTimeout: 60000, moz:webdriverClick: true, moz:windowless: false, pageLoadStrategy: normal, platformName: windows, proxy: Proxy(), setWindowRect: true, strictFileInteractability: false, timeouts: {implicit: 0, pageLoad: 300000, script: 30000}, unhandledPromptBehavior: dismiss and notify, userAgent: Mozilla/5.0 (Windows NT 10....}
Session ID: bf4ec5ce-b2b5-41af-8257-c04073cd18a4,
Action 'getAttributeValue' failed for element: By.xpath: //input[@name='address'] | Error: Expected condition failed: waiting for presence of element located by: By.xpath: //input[@name='address'] (tried for 5 second(s) with 500 milliseconds interval),
Employment Address mismatch expected [Kathmandu] but found [],
Action 'typeText' failed for element: By.xpath: //input[@name='expectedAnnualIncome'] | Error: Expected condition failed: waiting for visibility of element located by By.xpath: //input[@name='expectedAnnualIncome'] (tried for 5 second(s) with 500 milliseconds interval)
Build info: version: '4.35.0', revision: '1c58e5028b'
System info: os.name: 'Windows 11', os.arch: 'amd64', os.version: '10.0', java.version: '21.0.9'
Driver info: org.openqa.selenium.firefox.FirefoxDriver
Capabilities {acceptInsecureCerts: true, browserName: firefox, browserVersion: 147.0.2, moz:accessibilityChecks: false, moz:buildID: 20260126151322, moz:geckodriverVersion: 0.36.0, moz:headless: false, moz:platformVersion: 10.0, moz:processID: 17184, moz:profile: C:\Users\PRAVEE~1\AppData\L..., moz:shutdownTimeout: 60000, moz:webdriverClick: true, moz:windowless: false, pageLoadStrategy: normal, platformName: windows, proxy: Proxy(), setWindowRect: true, strictFileInteractability: false, timeouts: {implicit: 0, pageLoad: 300000, script: 30000}, unhandledPromptBehavior: dismiss and notify, userAgent: Mozilla/5.0 (Windows NT 10....}
Session ID: bf4ec5ce-b2b5-41af-8257-c04073cd18a4,
Action 'getAttributeValue' failed for element: By.xpath: //input[@name='expectedAnnualIncome'] | Error: Expected condition failed: waiting for presence of element located by: By.xpath: //input[@name='expectedAnnualIncome'] (tried for 5 second(s) with 500 milliseconds interval),
Annual Income mismatch expected [1200000] but found []]]>
            </message>
            <full-stacktrace>
              <![CDATA[java.lang.AssertionError: The following asserts failed:
Action 'click' failed for element: By.xpath: //p[normalize-space()='Employment Details'] | Error: Expected condition failed: waiting for element to be clickable: By.xpath: //p[normalize-space()='Employment Details'] (tried for 5 second(s) with 500 milliseconds interval)
Build info: version: '4.35.0', revision: '1c58e5028b'
System info: os.name: 'Windows 11', os.arch: 'amd64', os.version: '10.0', java.version: '21.0.9'
Driver info: org.openqa.selenium.firefox.FirefoxDriver
Capabilities {acceptInsecureCerts: true, browserName: firefox, browserVersion: 147.0.2, moz:accessibilityChecks: false, moz:buildID: 20260126151322, moz:geckodriverVersion: 0.36.0, moz:headless: false, moz:platformVersion: 10.0, moz:processID: 17184, moz:profile: C:\Users\PRAVEE~1\AppData\L..., moz:shutdownTimeout: 60000, moz:webdriverClick: true, moz:windowless: false, pageLoadStrategy: normal, platformName: windows, proxy: Proxy(), setWindowRect: true, strictFileInteractability: false, timeouts: {implicit: 0, pageLoad: 300000, script: 30000}, unhandledPromptBehavior: dismiss and notify, userAgent: Mozilla/5.0 (Windows NT 10....}
Session ID: bf4ec5ce-b2b5-41af-8257-c04073cd18a4,
Action 'assertElementVisible' failed for element: By.xpath: //h4[normalize-space()='Employment Details'] | Error: Expected condition failed: waiting for visibility of element located by By.xpath: //h4[normalize-space()='Employment Details'] (tried for 5 second(s) with 500 milliseconds interval)
Build info: version: '4.35.0', revision: '1c58e5028b'
System info: os.name: 'Windows 11', os.arch: 'amd64', os.version: '10.0', java.version: '21.0.9'
Driver info: org.openqa.selenium.firefox.FirefoxDriver
Capabilities {acceptInsecureCerts: true, browserName: firefox, browserVersion: 147.0.2, moz:accessibilityChecks: false, moz:buildID: 20260126151322, moz:geckodriverVersion: 0.36.0, moz:headless: false, moz:platformVersion: 10.0, moz:processID: 17184, moz:profile: C:\Users\PRAVEE~1\AppData\L..., moz:shutdownTimeout: 60000, moz:webdriverClick: true, moz:windowless: false, pageLoadStrategy: normal, platformName: windows, proxy: Proxy(), setWindowRect: true, strictFileInteractability: false, timeouts: {implicit: 0, pageLoad: 300000, script: 30000}, unhandledPromptBehavior: dismiss and notify, userAgent: Mozilla/5.0 (Windows NT 10....}
Session ID: bf4ec5ce-b2b5-41af-8257-c04073cd18a4,
Action 'selectFromReactSelect' failed for element: By.xpath: //input[@aria-label='employmentTypeCode']/ancestor::div[contains(@class, 'container')] | Error: Expected condition failed: waiting for element to be clickable: By.xpath: //input[@aria-label='employmentTypeCode']/ancestor::div[contains(@class, 'container')] (tried for 5 second(s) with 500 milliseconds interval)
Build info: version: '4.35.0', revision: '1c58e5028b'
System info: os.name: 'Windows 11', os.arch: 'amd64', os.version: '10.0', java.version: '21.0.9'
Driver info: org.openqa.selenium.firefox.FirefoxDriver
Capabilities {acceptInsecureCerts: true, browserName: firefox, browserVersion: 147.0.2, moz:accessibilityChecks: false, moz:buildID: 20260126151322, moz:geckodriverVersion: 0.36.0, moz:headless: false, moz:platformVersion: 10.0, moz:processID: 17184, moz:profile: C:\Users\PRAVEE~1\AppData\L..., moz:shutdownTimeout: 60000, moz:webdriverClick: true, moz:windowless: false, pageLoadStrategy: normal, platformName: windows, proxy: Proxy(), setWindowRect: true, strictFileInteractability: false, timeouts: {implicit: 0, pageLoad: 300000, script: 30000}, unhandledPromptBehavior: dismiss and notify, userAgent: Mozilla/5.0 (Windows NT 10....}
Session ID: bf4ec5ce-b2b5-41af-8257-c04073cd18a4,
Action 'selectFromReactSelect' failed for element: By.xpath: //input[@aria-label='primaryOccupationId']/ancestor::div[contains(@class, 'container')] | Error: Expected condition failed: waiting for element to be clickable: By.xpath: //input[@aria-label='primaryOccupationId']/ancestor::div[contains(@class, 'container')] (tried for 5 second(s) with 500 milliseconds interval)
Build info: version: '4.35.0', revision: '1c58e5028b'
System info: os.name: 'Windows 11', os.arch: 'amd64', os.version: '10.0', java.version: '21.0.9'
Driver info: org.openqa.selenium.firefox.FirefoxDriver
Capabilities {acceptInsecureCerts: true, browserName: firefox, browserVersion: 147.0.2, moz:accessibilityChecks: false, moz:buildID: 20260126151322, moz:geckodriverVersion: 0.36.0, moz:headless: false, moz:platformVersion: 10.0, moz:processID: 17184, moz:profile: C:\Users\PRAVEE~1\AppData\L..., moz:shutdownTimeout: 60000, moz:webdriverClick: true, moz:windowless: false, pageLoadStrategy: normal, platformName: windows, proxy: Proxy(), setWindowRect: true, strictFileInteractability: false, timeouts: {implicit: 0, pageLoad: 300000, script: 30000}, unhandledPromptBehavior: dismiss and notify, userAgent: Mozilla/5.0 (Windows NT 10....}
Session ID: bf4ec5ce-b2b5-41af-8257-c04073cd18a4,
Action 'selectFromReactSelect' failed for element: By.xpath: //input[@aria-label='primaryOccupationDesignationId']/ancestor::div[contains(@class, 'container')] | Error: Expected condition failed: waiting for element to be clickable: By.xpath: //input[@aria-label='primaryOccupationDesignationId']/ancestor::div[contains(@class, 'container')] (tried for 5 second(s) with 500 milliseconds interval)
Build info: version: '4.35.0', revision: '1c58e5028b'
System info: os.name: 'Windows 11', os.arch: 'amd64', os.version: '10.0', java.version: '21.0.9'
Driver info: org.openqa.selenium.firefox.FirefoxDriver
Capabilities {acceptInsecureCerts: true, browserName: firefox, browserVersion: 147.0.2, moz:accessibilityChecks: false, moz:buildID: 20260126151322, moz:geckodriverVersion: 0.36.0, moz:headless: false, moz:platformVersion: 10.0, moz:processID: 17184, moz:profile: C:\Users\PRAVEE~1\AppData\L..., moz:shutdownTimeout: 60000, moz:webdriverClick: true, moz:windowless: false, pageLoadStrategy: normal, platformName: windows, proxy: Proxy(), setWindowRect: true, strictFileInteractability: false, timeouts: {implicit: 0, pageLoad: 300000, script: 30000}, unhandledPromptBehavior: dismiss and notify, userAgent: Mozilla/5.0 (Windows NT 10....}
Session ID: bf4ec5ce-b2b5-41af-8257-c04073cd18a4,
Action 'typeText' failed for element: By.xpath: //input[@name='organizationName'] | Error: Expected condition failed: waiting for visibility of element located by By.xpath: //input[@name='organizationName'] (tried for 5 second(s) with 500 milliseconds interval)
Build info: version: '4.35.0', revision: '1c58e5028b'
System info: os.name: 'Windows 11', os.arch: 'amd64', os.version: '10.0', java.version: '21.0.9'
Driver info: org.openqa.selenium.firefox.FirefoxDriver
Capabilities {acceptInsecureCerts: true, browserName: firefox, browserVersion: 147.0.2, moz:accessibilityChecks: false, moz:buildID: 20260126151322, moz:geckodriverVersion: 0.36.0, moz:headless: false, moz:platformVersion: 10.0, moz:processID: 17184, moz:profile: C:\Users\PRAVEE~1\AppData\L..., moz:shutdownTimeout: 60000, moz:webdriverClick: true, moz:windowless: false, pageLoadStrategy: normal, platformName: windows, proxy: Proxy(), setWindowRect: true, strictFileInteractability: false, timeouts: {implicit: 0, pageLoad: 300000, script: 30000}, unhandledPromptBehavior: dismiss and notify, userAgent: Mozilla/5.0 (Windows NT 10....}
Session ID: bf4ec5ce-b2b5-41af-8257-c04073cd18a4,
Action 'getAttributeValue' failed for element: By.xpath: //input[@name='organizationName'] | Error: Expected condition failed: waiting for presence of element located by: By.xpath: //input[@name='organizationName'] (tried for 5 second(s) with 500 milliseconds interval),
Organization Name mismatch expected [Tech Corp] but found [],
Action 'typeText' failed for element: By.xpath: //input[@name='address'] | Error: Expected condition failed: waiting for visibility of element located by By.xpath: //input[@name='address'] (tried for 5 second(s) with 500 milliseconds interval)
Build info: version: '4.35.0', revision: '1c58e5028b'
System info: os.name: 'Windows 11', os.arch: 'amd64', os.version: '10.0', java.version: '21.0.9'
Driver info: org.openqa.selenium.firefox.FirefoxDriver
Capabilities {acceptInsecureCerts: true, browserName: firefox, browserVersion: 147.0.2, moz:accessibilityChecks: false, moz:buildID: 20260126151322, moz:geckodriverVersion: 0.36.0, moz:headless: false, moz:platformVersion: 10.0, moz:processID: 17184, moz:profile: C:\Users\PRAVEE~1\AppData\L..., moz:shutdownTimeout: 60000, moz:webdriverClick: true, moz:windowless: false, pageLoadStrategy: normal, platformName: windows, proxy: Proxy(), setWindowRect: true, strictFileInteractability: false, timeouts: {implicit: 0, pageLoad: 300000, script: 30000}, unhandledPromptBehavior: dismiss and notify, userAgent: Mozilla/5.0 (Windows NT 10....}
Session ID: bf4ec5ce-b2b5-41af-8257-c04073cd18a4,
Action 'getAttributeValue' failed for element: By.xpath: //input[@name='address'] | Error: Expected condition failed: waiting for presence of element located by: By.xpath: //input[@name='address'] (tried for 5 second(s) with 500 milliseconds interval),
Employment Address mismatch expected [Kathmandu] but found [],
Action 'typeText' failed for element: By.xpath: //input[@name='expectedAnnualIncome'] | Error: Expected condition failed: waiting for visibility of element located by By.xpath: //input[@name='expectedAnnualIncome'] (tried for 5 second(s) with 500 milliseconds interval)
Build info: version: '4.35.0', revision: '1c58e5028b'
System info: os.name: 'Windows 11', os.arch: 'amd64', os.version: '10.0', java.version: '21.0.9'
Driver info: org.openqa.selenium.firefox.FirefoxDriver
Capabilities {acceptInsecureCerts: true, browserName: firefox, browserVersion: 147.0.2, moz:accessibilityChecks: false, moz:buildID: 20260126151322, moz:geckodriverVersion: 0.36.0, moz:headless: false, moz:platformVersion: 10.0, moz:processID: 17184, moz:profile: C:\Users\PRAVEE~1\AppData\L..., moz:shutdownTimeout: 60000, moz:webdriverClick: true, moz:windowless: false, pageLoadStrategy: normal, platformName: windows, proxy: Proxy(), setWindowRect: true, strictFileInteractability: false, timeouts: {implicit: 0, pageLoad: 300000, script: 30000}, unhandledPromptBehavior: dismiss and notify, userAgent: Mozilla/5.0 (Windows NT 10....}
Session ID: bf4ec5ce-b2b5-41af-8257-c04073cd18a4,
Action 'getAttributeValue' failed for element: By.xpath: //input[@name='expectedAnnualIncome'] | Error: Expected condition failed: waiting for presence of element located by: By.xpath: //input[@name='expectedAnnualIncome'] (tried for 5 second(s) with 500 milliseconds interval),
Annual Income mismatch expected [1200000] but found []
at org.testng.asserts.SoftAssert.assertAll(SoftAssert.java:46)
at org.testng.asserts.SoftAssert.assertAll(SoftAssert.java:30)
at tests.CorporateCustRegTest.verifyEmploymentDetails(CorporateCustRegTest.java:108)
at java.base/jdk.internal.reflect.DirectMethodHandleAccessor.invoke(DirectMethodHandleAccessor.java:103)
at java.base/java.lang.reflect.Method.invoke(Method.java:580)
at org.testng.internal.invokers.MethodInvocationHelper.invokeMethod(MethodInvocationHelper.java:139)
at org.testng.internal.invokers.TestInvoker.invokeMethod(TestInvoker.java:664)
at org.testng.internal.invokers.TestInvoker.invokeTestMethod(TestInvoker.java:228)
at org.testng.internal.invokers.MethodRunner.runInSequence(MethodRunner.java:63)
at org.testng.internal.invokers.TestInvoker$MethodInvocationAgent.invoke(TestInvoker.java:961)
at org.testng.internal.invokers.TestInvoker.invokeTestMethods(TestInvoker.java:201)
at org.testng.internal.invokers.TestMethodWorker.invokeTestMethods(TestMethodWorker.java:148)
at org.testng.internal.invokers.TestMethodWorker.run(TestMethodWorker.java:128)
at java.base/java.util.ArrayList.forEach(ArrayList.java:1596)
at org.testng.TestRunner.privateRun(TestRunner.java:819)
at org.testng.TestRunner.run(TestRunner.java:619)
at org.testng.SuiteRunner.runTest(SuiteRunner.java:443)
at org.testng.SuiteRunner.runSequentially(SuiteRunner.java:437)
at org.testng.SuiteRunner.privateRun(SuiteRunner.java:397)
at org.testng.SuiteRunner.run(SuiteRunner.java:336)
at org.testng.SuiteRunnerWorker.runSuite(SuiteRunnerWorker.java:52)
at org.testng.SuiteRunnerWorker.run(SuiteRunnerWorker.java:95)
at org.testng.TestNG.runSuitesSequentially(TestNG.java:1301)
at org.testng.TestNG.runSuitesLocally(TestNG.java:1228)
at org.testng.TestNG.runSuites(TestNG.java:1134)
at org.testng.TestNG.run(TestNG.java:1101)
at org.apache.maven.surefire.testng.TestNGExecutor.run(TestNGExecutor.java:308)
at org.apache.maven.surefire.testng.TestNGXmlTestSuite.execute(TestNGXmlTestSuite.java:71)
at org.apache.maven.surefire.testng.TestNGProvider.invoke(TestNGProvider.java:113)
at org.apache.maven.surefire.booter.ForkedBooter.runSuitesInProcess(ForkedBooter.java:385)
at org.apache.maven.surefire.booter.ForkedBooter.execute(ForkedBooter.java:162)
at org.apache.maven.surefire.booter.ForkedBooter.run(ForkedBooter.java:507)
at org.apache.maven.surefire.booter.ForkedBooter.main(ForkedBooter.java:495)
]]>
            </full-stacktrace>
          </exception> <!-- java.lang.AssertionError -->
          <reporter-output>
          </reporter-output>
        </test-method> <!-- verifyEmploymentDetails -->
        <test-method is-config="true" signature="setupSoftAssert()[pri:0, instance:tests.CorporateCustRegTest@49edcb30]" started-at="2026-03-11T17:03:32 NPT" name="setupSoftAssert" finished-at="2026-03-11T17:03:32 NPT" duration-ms="0" status="PASS">
          <reporter-output>
          </reporter-output>
        </test-method> <!-- setupSoftAssert -->
        <test-method is-config="true" signature="setupSoftAssert()[pri:0, instance:tests.CorporateCustRegTest@49edcb30]" started-at="2026-03-11T17:04:35 NPT" name="setupSoftAssert" finished-at="2026-03-11T17:04:35 NPT" duration-ms="0" status="PASS">
          <reporter-output>
          </reporter-output>
        </test-method> <!-- setupSoftAssert -->
        <test-method is-config="true" signature="initSoftAssert()[pri:0, instance:tests.CorporateCustRegTest@49edcb30]" started-at="2026-03-11T17:04:35 NPT" name="initSoftAssert" finished-at="2026-03-11T17:04:35 NPT" duration-ms="0" status="PASS">
          <reporter-output>
          </reporter-output>
        </test-method> <!-- initSoftAssert -->
        <test-method signature="verifyRelationshipDetails()[pri:11, instance:tests.CorporateCustRegTest@49edcb30]" started-at="2026-03-11T17:04:35 NPT" name="verifyRelationshipDetails" description="Verify Relationship Master" finished-at="2026-03-11T17:05:04 NPT" duration-ms="29073" status="PASS">
          <reporter-output>
          </reporter-output>
        </test-method> <!-- verifyRelationshipDetails -->
        <test-method is-config="true" signature="setupSoftAssert()[pri:0, instance:tests.CorporateCustRegTest@49edcb30]" started-at="2026-03-11T17:05:04 NPT" name="setupSoftAssert" finished-at="2026-03-11T17:05:04 NPT" duration-ms="11" status="PASS">
          <reporter-output>
          </reporter-output>
        </test-method> <!-- setupSoftAssert -->
        <test-method is-config="true" signature="initSoftAssert()[pri:0, instance:tests.CorporateCustRegTest@49edcb30]" started-at="2026-03-11T17:05:04 NPT" name="initSoftAssert" finished-at="2026-03-11T17:05:04 NPT" duration-ms="0" status="PASS">
          <reporter-output>
          </reporter-output>
        </test-method> <!-- initSoftAssert -->
        <test-method signature="verifyRelationshipIdentity()[pri:12, instance:tests.CorporateCustRegTest@49edcb30]" started-at="2026-03-11T17:05:04 NPT" name="verifyRelationshipIdentity" description="Verify Relationship Identity" finished-at="2026-03-11T17:05:28 NPT" duration-ms="23843" status="PASS">
          <reporter-output>
          </reporter-output>
        </test-method> <!-- verifyRelationshipIdentity -->
        <test-method is-config="true" signature="initSoftAssert()[pri:0, instance:tests.CorporateCustRegTest@49edcb30]" started-at="2026-03-11T17:05:28 NPT" name="initSoftAssert" finished-at="2026-03-11T17:05:28 NPT" duration-ms="0" status="PASS">
          <reporter-output>
          </reporter-output>
        </test-method> <!-- initSoftAssert -->
        <test-method is-config="true" signature="setupSoftAssert()[pri:0, instance:tests.CorporateCustRegTest@49edcb30]" started-at="2026-03-11T17:05:28 NPT" name="setupSoftAssert" finished-at="2026-03-11T17:05:28 NPT" duration-ms="3" status="PASS">
          <reporter-output>
          </reporter-output>
        </test-method> <!-- setupSoftAssert -->
        <test-method signature="verifyRelationshipCommunication()[pri:13, instance:tests.CorporateCustRegTest@49edcb30]" started-at="2026-03-11T17:05:28 NPT" name="verifyRelationshipCommunication" description="Verify Relationship Communication" finished-at="2026-03-11T17:05:37 NPT" duration-ms="9374" status="PASS">
          <reporter-output>
          </reporter-output>
        </test-method> <!-- verifyRelationshipCommunication -->
        <test-method is-config="true" signature="initSoftAssert()[pri:0, instance:tests.CorporateCustRegTest@49edcb30]" started-at="2026-03-11T17:05:37 NPT" name="initSoftAssert" finished-at="2026-03-11T17:05:37 NPT" duration-ms="0" status="PASS">
          <reporter-output>
          </reporter-output>
        </test-method> <!-- initSoftAssert -->
        <test-method is-config="true" signature="setupSoftAssert()[pri:0, instance:tests.CorporateCustRegTest@49edcb30]" started-at="2026-03-11T17:05:37 NPT" name="setupSoftAssert" finished-at="2026-03-11T17:05:37 NPT" duration-ms="0" status="PASS">
          <reporter-output>
          </reporter-output>
        </test-method> <!-- setupSoftAssert -->
        <test-method signature="verifyRelationshipDocument()[pri:14, instance:tests.CorporateCustRegTest@49edcb30]" started-at="2026-03-11T17:05:37 NPT" name="verifyRelationshipDocument" description="Verify Relationship Document" finished-at="2026-03-11T17:05:56 NPT" duration-ms="18812" status="PASS">
          <reporter-output>
          </reporter-output>
        </test-method> <!-- verifyRelationshipDocument -->
        <test-method is-config="true" signature="initSoftAssert()[pri:0, instance:tests.CorporateCustRegTest@49edcb30]" started-at="2026-03-11T17:05:56 NPT" name="initSoftAssert" finished-at="2026-03-11T17:05:56 NPT" duration-ms="4" status="PASS">
          <reporter-output>
          </reporter-output>
        </test-method> <!-- initSoftAssert -->
        <test-method signature="verifyRelationshipAddress()[pri:15, instance:tests.CorporateCustRegTest@49edcb30]" started-at="2026-03-11T17:05:56 NPT" name="verifyRelationshipAddress" description="Verify Relationship Address" finished-at="2026-03-11T17:06:25 NPT" duration-ms="28926" status="PASS">
          <reporter-output>
          </reporter-output>
        </test-method> <!-- verifyRelationshipAddress -->
        <test-method is-config="true" signature="setupSoftAssert()[pri:0, instance:tests.CorporateCustRegTest@49edcb30]" started-at="2026-03-11T17:05:56 NPT" name="setupSoftAssert" finished-at="2026-03-11T17:05:56 NPT" duration-ms="0" status="PASS">
          <reporter-output>
          </reporter-output>
        </test-method> <!-- setupSoftAssert -->
        <test-method is-config="true" signature="initSoftAssert()[pri:0, instance:tests.CorporateCustRegTest@49edcb30]" started-at="2026-03-11T17:06:25 NPT" name="initSoftAssert" finished-at="2026-03-11T17:06:25 NPT" duration-ms="2" status="PASS">
          <reporter-output>
          </reporter-output>
        </test-method> <!-- initSoftAssert -->
        <test-method is-config="true" signature="setupSoftAssert()[pri:0, instance:tests.CorporateCustRegTest@49edcb30]" started-at="2026-03-11T17:06:25 NPT" name="setupSoftAssert" finished-at="2026-03-11T17:06:25 NPT" duration-ms="0" status="PASS">
          <reporter-output>
          </reporter-output>
        </test-method> <!-- setupSoftAssert -->
        <test-method signature="verifyRelationshipPhoto()[pri:16, instance:tests.CorporateCustRegTest@49edcb30]" started-at="2026-03-11T17:06:25 NPT" name="verifyRelationshipPhoto" description="Verify Relationship Photo" finished-at="2026-03-11T17:06:32 NPT" duration-ms="6689" status="PASS">
          <reporter-output>
          </reporter-output>
        </test-method> <!-- verifyRelationshipPhoto -->
        <test-method is-config="true" signature="tearDown()[pri:0, instance:tests.CorporateCustRegTest@49edcb30]" started-at="2026-03-11T17:06:32 NPT" name="tearDown" finished-at="2026-03-11T17:06:33 NPT" duration-ms="951" status="PASS">
          <reporter-output>
          </reporter-output>
        </test-method> <!-- tearDown -->
      </class> <!-- tests.CorporateCustRegTest -->
    </test> <!-- Chrome Test -->
  </suite> <!-- Suite -->
</testng-results>
