<?xml version="1.0" encoding="UTF-8"?>
<testng-results ignored="0" total="16" passed="16" failed="0" skipped="0">
  <reporter-output>
  </reporter-output>
  <suite started-at="2026-02-23T15:41:48 NPT" name="Suite" finished-at="2026-02-23T15:45:01 NPT" duration-ms="193571">
    <groups>
    </groups>
    <test started-at="2026-02-23T15:41:48 NPT" name="Chrome Test" finished-at="2026-02-23T15:45:01 NPT" duration-ms="193571">
      <class name="tests.CusRegTest">
        <test-method is-config="true" signature="setUp()[pri:0, instance:tests.CusRegTest@2a79d4b1]" started-at="2026-02-23T15:41:48 NPT" name="setUp" finished-at="2026-02-23T15:42:04 NPT" duration-ms="16267" status="PASS">
          <reporter-output>
          </reporter-output>
        </test-method> <!-- setUp -->
        <test-method is-config="true" signature="pageSetup()[pri:0, instance:tests.CusRegTest@2a79d4b1]" started-at="2026-02-23T15:42:04 NPT" name="pageSetup" finished-at="2026-02-23T15:42:04 NPT" duration-ms="35" status="PASS">
          <reporter-output>
          </reporter-output>
        </test-method> <!-- pageSetup -->
        <test-method is-config="true" signature="initSoftAssert()[pri:0, instance:tests.CusRegTest@2a79d4b1]" started-at="2026-02-23T15:42:04 NPT" name="initSoftAssert" finished-at="2026-02-23T15:42:04 NPT" duration-ms="5" status="PASS">
          <reporter-output>
          </reporter-output>
        </test-method> <!-- initSoftAssert -->
        <test-method is-config="true" signature="setupSoftAssert()[pri:0, instance:tests.CusRegTest@2a79d4b1]" started-at="2026-02-23T15:42:04 NPT" name="setupSoftAssert" finished-at="2026-02-23T15:42:04 NPT" duration-ms="1" status="PASS">
          <reporter-output>
          </reporter-output>
        </test-method> <!-- setupSoftAssert -->
        <test-method signature="verifyCustomerRegistration()[pri:1, instance:tests.CusRegTest@2a79d4b1]" started-at="2026-02-23T15:42:04 NPT" name="verifyCustomerRegistration" description="Verify Customer Registration" finished-at="2026-02-23T15:42:18 NPT" duration-ms="14233" status="PASS">
          <reporter-output>
          </reporter-output>
        </test-method> <!-- verifyCustomerRegistration -->
        <test-method is-config="true" signature="tearDownSoftAssert()[pri:0, instance:tests.CusRegTest@2a79d4b1]" started-at="2026-02-23T15:42:18 NPT" name="tearDownSoftAssert" finished-at="2026-02-23T15:42:18 NPT" duration-ms="1" status="PASS">
          <reporter-output>
          </reporter-output>
        </test-method> <!-- tearDownSoftAssert -->
        <test-method signature="verifyIdentityDetails()[pri:2, instance:tests.CusRegTest@2a79d4b1]" started-at="2026-02-23T15:42:18 NPT" name="verifyIdentityDetails" description="Verify Identity Details" finished-at="2026-02-23T15:42:30 NPT" duration-ms="11506" status="PASS">
          <reporter-output>
          </reporter-output>
        </test-method> <!-- verifyIdentityDetails -->
        <test-method is-config="true" signature="setupSoftAssert()[pri:0, instance:tests.CusRegTest@2a79d4b1]" started-at="2026-02-23T15:42:18 NPT" name="setupSoftAssert" finished-at="2026-02-23T15:42:18 NPT" duration-ms="0" status="PASS">
          <reporter-output>
          </reporter-output>
        </test-method> <!-- setupSoftAssert -->
        <test-method is-config="true" signature="initSoftAssert()[pri:0, instance:tests.CusRegTest@2a79d4b1]" started-at="2026-02-23T15:42:18 NPT" name="initSoftAssert" finished-at="2026-02-23T15:42:18 NPT" duration-ms="0" status="PASS">
          <reporter-output>
          </reporter-output>
        </test-method> <!-- initSoftAssert -->
        <test-method is-config="true" signature="tearDownSoftAssert()[pri:0, instance:tests.CusRegTest@2a79d4b1]" started-at="2026-02-23T15:42:30 NPT" name="tearDownSoftAssert" finished-at="2026-02-23T15:42:30 NPT" duration-ms="0" status="PASS">
          <reporter-output>
          </reporter-output>
        </test-method> <!-- tearDownSoftAssert -->
        <test-method signature="verifyCommunicationDetails()[pri:3, instance:tests.CusRegTest@2a79d4b1]" started-at="2026-02-23T15:42:30 NPT" name="verifyCommunicationDetails" description="Verify Communication Details" finished-at="2026-02-23T15:42:38 NPT" duration-ms="8530" status="PASS">
          <reporter-output>
          </reporter-output>
        </test-method> <!-- verifyCommunicationDetails -->
        <test-method is-config="true" signature="setupSoftAssert()[pri:0, instance:tests.CusRegTest@2a79d4b1]" started-at="2026-02-23T15:42:30 NPT" name="setupSoftAssert" finished-at="2026-02-23T15:42:30 NPT" duration-ms="0" status="PASS">
          <reporter-output>
          </reporter-output>
        </test-method> <!-- setupSoftAssert -->
        <test-method is-config="true" signature="initSoftAssert()[pri:0, instance:tests.CusRegTest@2a79d4b1]" started-at="2026-02-23T15:42:30 NPT" name="initSoftAssert" finished-at="2026-02-23T15:42:30 NPT" duration-ms="0" status="PASS">
          <reporter-output>
          </reporter-output>
        </test-method> <!-- initSoftAssert -->
        <test-method signature="verifyDocumentDetails()[pri:4, instance:tests.CusRegTest@2a79d4b1]" started-at="2026-02-23T15:42:38 NPT" name="verifyDocumentDetails" description="Verify Document Details" finished-at="2026-02-23T15:42:41 NPT" duration-ms="3339" status="PASS">
          <reporter-output>
          </reporter-output>
        </test-method> <!-- verifyDocumentDetails -->
        <test-method is-config="true" signature="setupSoftAssert()[pri:0, instance:tests.CusRegTest@2a79d4b1]" started-at="2026-02-23T15:42:38 NPT" name="setupSoftAssert" finished-at="2026-02-23T15:42:38 NPT" duration-ms="0" status="PASS">
          <reporter-output>
          </reporter-output>
        </test-method> <!-- setupSoftAssert -->
        <test-method is-config="true" signature="initSoftAssert()[pri:0, instance:tests.CusRegTest@2a79d4b1]" started-at="2026-02-23T15:42:38 NPT" name="initSoftAssert" finished-at="2026-02-23T15:42:38 NPT" duration-ms="0" status="PASS">
          <reporter-output>
          </reporter-output>
        </test-method> <!-- initSoftAssert -->
        <test-method is-config="true" signature="tearDownSoftAssert()[pri:0, instance:tests.CusRegTest@2a79d4b1]" started-at="2026-02-23T15:42:38 NPT" name="tearDownSoftAssert" finished-at="2026-02-23T15:42:38 NPT" duration-ms="0" status="PASS">
          <reporter-output>
          </reporter-output>
        </test-method> <!-- tearDownSoftAssert -->
        <test-method is-config="true" signature="initSoftAssert()[pri:0, instance:tests.CusRegTest@2a79d4b1]" started-at="2026-02-23T15:42:41 NPT" name="initSoftAssert" finished-at="2026-02-23T15:42:41 NPT" duration-ms="0" status="PASS">
          <reporter-output>
          </reporter-output>
        </test-method> <!-- initSoftAssert -->
        <test-method is-config="true" signature="tearDownSoftAssert()[pri:0, instance:tests.CusRegTest@2a79d4b1]" started-at="2026-02-23T15:42:41 NPT" name="tearDownSoftAssert" finished-at="2026-02-23T15:42:41 NPT" duration-ms="0" status="PASS">
          <reporter-output>
          </reporter-output>
        </test-method> <!-- tearDownSoftAssert -->
        <test-method signature="verifyAddressDetails()[pri:5, instance:tests.CusRegTest@2a79d4b1]" started-at="2026-02-23T15:42:42 NPT" name="verifyAddressDetails" description="Verify Address Details" finished-at="2026-02-23T15:42:59 NPT" duration-ms="17583" status="PASS">
          <reporter-output>
          </reporter-output>
        </test-method> <!-- verifyAddressDetails -->
        <test-method is-config="true" signature="setupSoftAssert()[pri:0, instance:tests.CusRegTest@2a79d4b1]" started-at="2026-02-23T15:42:42 NPT" name="setupSoftAssert" finished-at="2026-02-23T15:42:42 NPT" duration-ms="0" status="PASS">
          <reporter-output>
          </reporter-output>
        </test-method> <!-- setupSoftAssert -->
        <test-method is-config="true" signature="tearDownSoftAssert()[pri:0, instance:tests.CusRegTest@2a79d4b1]" started-at="2026-02-23T15:42:59 NPT" name="tearDownSoftAssert" finished-at="2026-02-23T15:42:59 NPT" duration-ms="0" status="PASS">
          <reporter-output>
          </reporter-output>
        </test-method> <!-- tearDownSoftAssert -->
        <test-method is-config="true" signature="initSoftAssert()[pri:0, instance:tests.CusRegTest@2a79d4b1]" started-at="2026-02-23T15:42:59 NPT" name="initSoftAssert" finished-at="2026-02-23T15:42:59 NPT" duration-ms="8" status="PASS">
          <reporter-output>
          </reporter-output>
        </test-method> <!-- initSoftAssert -->
        <test-method signature="verifyHighProfileDetails()[pri:6, instance:tests.CusRegTest@2a79d4b1]" started-at="2026-02-23T15:42:59 NPT" name="verifyHighProfileDetails" description="Verify High Profile Details" finished-at="2026-02-23T15:43:18 NPT" duration-ms="18972" status="PASS">
          <reporter-output>
          </reporter-output>
        </test-method> <!-- verifyHighProfileDetails -->
        <test-method is-config="true" signature="setupSoftAssert()[pri:0, instance:tests.CusRegTest@2a79d4b1]" started-at="2026-02-23T15:42:59 NPT" name="setupSoftAssert" finished-at="2026-02-23T15:42:59 NPT" duration-ms="0" status="PASS">
          <reporter-output>
          </reporter-output>
        </test-method> <!-- setupSoftAssert -->
        <test-method signature="verifyTransactionDetails()[pri:7, instance:tests.CusRegTest@2a79d4b1]" started-at="2026-02-23T15:43:18 NPT" name="verifyTransactionDetails" description="Verify Transaction Details" finished-at="2026-02-23T15:43:21 NPT" duration-ms="3124" status="PASS">
          <reporter-output>
          </reporter-output>
        </test-method> <!-- verifyTransactionDetails -->
        <test-method is-config="true" signature="setupSoftAssert()[pri:0, instance:tests.CusRegTest@2a79d4b1]" started-at="2026-02-23T15:43:18 NPT" name="setupSoftAssert" finished-at="2026-02-23T15:43:18 NPT" duration-ms="0" status="PASS">
          <reporter-output>
          </reporter-output>
        </test-method> <!-- setupSoftAssert -->
        <test-method is-config="true" signature="tearDownSoftAssert()[pri:0, instance:tests.CusRegTest@2a79d4b1]" started-at="2026-02-23T15:43:18 NPT" name="tearDownSoftAssert" finished-at="2026-02-23T15:43:18 NPT" duration-ms="0" status="PASS">
          <reporter-output>
          </reporter-output>
        </test-method> <!-- tearDownSoftAssert -->
        <test-method is-config="true" signature="initSoftAssert()[pri:0, instance:tests.CusRegTest@2a79d4b1]" started-at="2026-02-23T15:43:18 NPT" name="initSoftAssert" finished-at="2026-02-23T15:43:18 NPT" duration-ms="0" status="PASS">
          <reporter-output>
          </reporter-output>
        </test-method> <!-- initSoftAssert -->
        <test-method signature="verifyCashFlowDetails()[pri:8, instance:tests.CusRegTest@2a79d4b1]" started-at="2026-02-23T15:43:21 NPT" name="verifyCashFlowDetails" description="Verify Cash Flow Details" finished-at="2026-02-23T15:43:26 NPT" duration-ms="5185" status="PASS">
          <reporter-output>
          </reporter-output>
        </test-method> <!-- verifyCashFlowDetails -->
        <test-method is-config="true" signature="tearDownSoftAssert()[pri:0, instance:tests.CusRegTest@2a79d4b1]" started-at="2026-02-23T15:43:21 NPT" name="tearDownSoftAssert" finished-at="2026-02-23T15:43:21 NPT" duration-ms="0" status="PASS">
          <reporter-output>
          </reporter-output>
        </test-method> <!-- tearDownSoftAssert -->
        <test-method is-config="true" signature="setupSoftAssert()[pri:0, instance:tests.CusRegTest@2a79d4b1]" started-at="2026-02-23T15:43:21 NPT" name="setupSoftAssert" finished-at="2026-02-23T15:43:21 NPT" duration-ms="0" status="PASS">
          <reporter-output>
          </reporter-output>
        </test-method> <!-- setupSoftAssert -->
        <test-method is-config="true" signature="initSoftAssert()[pri:0, instance:tests.CusRegTest@2a79d4b1]" started-at="2026-02-23T15:43:21 NPT" name="initSoftAssert" finished-at="2026-02-23T15:43:21 NPT" duration-ms="0" status="PASS">
          <reporter-output>
          </reporter-output>
        </test-method> <!-- initSoftAssert -->
        <test-method signature="verifyExposureDetails()[pri:9, instance:tests.CusRegTest@2a79d4b1]" started-at="2026-02-23T15:43:26 NPT" name="verifyExposureDetails" description="Verify Exposure Details" finished-at="2026-02-23T15:43:32 NPT" duration-ms="5865" status="PASS">
          <reporter-output>
          </reporter-output>
        </test-method> <!-- verifyExposureDetails -->
        <test-method is-config="true" signature="tearDownSoftAssert()[pri:0, instance:tests.CusRegTest@2a79d4b1]" started-at="2026-02-23T15:43:26 NPT" name="tearDownSoftAssert" finished-at="2026-02-23T15:43:26 NPT" duration-ms="0" status="PASS">
          <reporter-output>
          </reporter-output>
        </test-method> <!-- tearDownSoftAssert -->
        <test-method is-config="true" signature="initSoftAssert()[pri:0, instance:tests.CusRegTest@2a79d4b1]" started-at="2026-02-23T15:43:26 NPT" name="initSoftAssert" finished-at="2026-02-23T15:43:26 NPT" duration-ms="0" status="PASS">
          <reporter-output>
          </reporter-output>
        </test-method> <!-- initSoftAssert -->
        <test-method is-config="true" signature="setupSoftAssert()[pri:0, instance:tests.CusRegTest@2a79d4b1]" started-at="2026-02-23T15:43:26 NPT" name="setupSoftAssert" finished-at="2026-02-23T15:43:26 NPT" duration-ms="0" status="PASS">
          <reporter-output>
          </reporter-output>
        </test-method> <!-- setupSoftAssert -->
        <test-method signature="verifyEmploymentDetails()[pri:10, instance:tests.CusRegTest@2a79d4b1]" started-at="2026-02-23T15:43:32 NPT" name="verifyEmploymentDetails" description="Verify Employment Details" finished-at="2026-02-23T15:43:38 NPT" duration-ms="5878" status="PASS">
          <reporter-output>
          </reporter-output>
        </test-method> <!-- verifyEmploymentDetails -->
        <test-method is-config="true" signature="tearDownSoftAssert()[pri:0, instance:tests.CusRegTest@2a79d4b1]" started-at="2026-02-23T15:43:32 NPT" name="tearDownSoftAssert" finished-at="2026-02-23T15:43:32 NPT" duration-ms="0" status="PASS">
          <reporter-output>
          </reporter-output>
        </test-method> <!-- tearDownSoftAssert -->
        <test-method is-config="true" signature="setupSoftAssert()[pri:0, instance:tests.CusRegTest@2a79d4b1]" started-at="2026-02-23T15:43:32 NPT" name="setupSoftAssert" finished-at="2026-02-23T15:43:32 NPT" duration-ms="0" status="PASS">
          <reporter-output>
          </reporter-output>
        </test-method> <!-- setupSoftAssert -->
        <test-method is-config="true" signature="initSoftAssert()[pri:0, instance:tests.CusRegTest@2a79d4b1]" started-at="2026-02-23T15:43:32 NPT" name="initSoftAssert" finished-at="2026-02-23T15:43:32 NPT" duration-ms="0" status="PASS">
          <reporter-output>
          </reporter-output>
        </test-method> <!-- initSoftAssert -->
        <test-method is-config="true" signature="tearDownSoftAssert()[pri:0, instance:tests.CusRegTest@2a79d4b1]" started-at="2026-02-23T15:43:38 NPT" name="tearDownSoftAssert" finished-at="2026-02-23T15:43:38 NPT" duration-ms="0" status="PASS">
          <reporter-output>
          </reporter-output>
        </test-method> <!-- tearDownSoftAssert -->
        <test-method signature="verifyRelationshipDetails()[pri:11, instance:tests.CusRegTest@2a79d4b1]" started-at="2026-02-23T15:43:38 NPT" name="verifyRelationshipDetails" description="Verify Relationship Master" finished-at="2026-02-23T15:43:57 NPT" duration-ms="19124" status="PASS">
          <reporter-output>
          </reporter-output>
        </test-method> <!-- verifyRelationshipDetails -->
        <test-method is-config="true" signature="initSoftAssert()[pri:0, instance:tests.CusRegTest@2a79d4b1]" started-at="2026-02-23T15:43:38 NPT" name="initSoftAssert" finished-at="2026-02-23T15:43:38 NPT" duration-ms="0" status="PASS">
          <reporter-output>
          </reporter-output>
        </test-method> <!-- initSoftAssert -->
        <test-method is-config="true" signature="setupSoftAssert()[pri:0, instance:tests.CusRegTest@2a79d4b1]" started-at="2026-02-23T15:43:38 NPT" name="setupSoftAssert" finished-at="2026-02-23T15:43:38 NPT" duration-ms="0" status="PASS">
          <reporter-output>
          </reporter-output>
        </test-method> <!-- setupSoftAssert -->
        <test-method is-config="true" signature="tearDownSoftAssert()[pri:0, instance:tests.CusRegTest@2a79d4b1]" started-at="2026-02-23T15:43:57 NPT" name="tearDownSoftAssert" finished-at="2026-02-23T15:43:57 NPT" duration-ms="0" status="PASS">
          <reporter-output>
          </reporter-output>
        </test-method> <!-- tearDownSoftAssert -->
        <test-method signature="verifyRelationshipIdentity()[pri:12, instance:tests.CusRegTest@2a79d4b1]" started-at="2026-02-23T15:43:57 NPT" name="verifyRelationshipIdentity" description="Verify Relationship Identity" finished-at="2026-02-23T15:44:12 NPT" duration-ms="14685" status="PASS">
          <reporter-output>
          </reporter-output>
        </test-method> <!-- verifyRelationshipIdentity -->
        <test-method is-config="true" signature="initSoftAssert()[pri:0, instance:tests.CusRegTest@2a79d4b1]" started-at="2026-02-23T15:43:57 NPT" name="initSoftAssert" finished-at="2026-02-23T15:43:57 NPT" duration-ms="0" status="PASS">
          <reporter-output>
          </reporter-output>
        </test-method> <!-- initSoftAssert -->
        <test-method is-config="true" signature="setupSoftAssert()[pri:0, instance:tests.CusRegTest@2a79d4b1]" started-at="2026-02-23T15:43:57 NPT" name="setupSoftAssert" finished-at="2026-02-23T15:43:57 NPT" duration-ms="0" status="PASS">
          <reporter-output>
          </reporter-output>
        </test-method> <!-- setupSoftAssert -->
        <test-method signature="verifyRelationshipCommunication()[pri:13, instance:tests.CusRegTest@2a79d4b1]" started-at="2026-02-23T15:44:12 NPT" name="verifyRelationshipCommunication" description="Verify Relationship Communication" finished-at="2026-02-23T15:44:21 NPT" duration-ms="9217" status="PASS">
          <reporter-output>
          </reporter-output>
        </test-method> <!-- verifyRelationshipCommunication -->
        <test-method is-config="true" signature="tearDownSoftAssert()[pri:0, instance:tests.CusRegTest@2a79d4b1]" started-at="2026-02-23T15:44:12 NPT" name="tearDownSoftAssert" finished-at="2026-02-23T15:44:12 NPT" duration-ms="0" status="PASS">
          <reporter-output>
          </reporter-output>
        </test-method> <!-- tearDownSoftAssert -->
        <test-method is-config="true" signature="setupSoftAssert()[pri:0, instance:tests.CusRegTest@2a79d4b1]" started-at="2026-02-23T15:44:12 NPT" name="setupSoftAssert" finished-at="2026-02-23T15:44:12 NPT" duration-ms="0" status="PASS">
          <reporter-output>
          </reporter-output>
        </test-method> <!-- setupSoftAssert -->
        <test-method is-config="true" signature="initSoftAssert()[pri:0, instance:tests.CusRegTest@2a79d4b1]" started-at="2026-02-23T15:44:12 NPT" name="initSoftAssert" finished-at="2026-02-23T15:44:12 NPT" duration-ms="0" status="PASS">
          <reporter-output>
          </reporter-output>
        </test-method> <!-- initSoftAssert -->
        <test-method signature="verifyRelationshipDocument()[pri:14, instance:tests.CusRegTest@2a79d4b1]" started-at="2026-02-23T15:44:21 NPT" name="verifyRelationshipDocument" description="Verify Relationship Document" finished-at="2026-02-23T15:44:35 NPT" duration-ms="13392" status="PASS">
          <reporter-output>
          </reporter-output>
        </test-method> <!-- verifyRelationshipDocument -->
        <test-method is-config="true" signature="initSoftAssert()[pri:0, instance:tests.CusRegTest@2a79d4b1]" started-at="2026-02-23T15:44:21 NPT" name="initSoftAssert" finished-at="2026-02-23T15:44:21 NPT" duration-ms="0" status="PASS">
          <reporter-output>
          </reporter-output>
        </test-method> <!-- initSoftAssert -->
        <test-method is-config="true" signature="setupSoftAssert()[pri:0, instance:tests.CusRegTest@2a79d4b1]" started-at="2026-02-23T15:44:21 NPT" name="setupSoftAssert" finished-at="2026-02-23T15:44:21 NPT" duration-ms="0" status="PASS">
          <reporter-output>
          </reporter-output>
        </test-method> <!-- setupSoftAssert -->
        <test-method is-config="true" signature="tearDownSoftAssert()[pri:0, instance:tests.CusRegTest@2a79d4b1]" started-at="2026-02-23T15:44:21 NPT" name="tearDownSoftAssert" finished-at="2026-02-23T15:44:21 NPT" duration-ms="0" status="PASS">
          <reporter-output>
          </reporter-output>
        </test-method> <!-- tearDownSoftAssert -->
        <test-method signature="verifyRelationshipAddress()[pri:15, instance:tests.CusRegTest@2a79d4b1]" started-at="2026-02-23T15:44:35 NPT" name="verifyRelationshipAddress" description="Verify Relationship Address" finished-at="2026-02-23T15:44:54 NPT" duration-ms="19883" status="PASS">
          <reporter-output>
          </reporter-output>
        </test-method> <!-- verifyRelationshipAddress -->
        <test-method is-config="true" signature="tearDownSoftAssert()[pri:0, instance:tests.CusRegTest@2a79d4b1]" started-at="2026-02-23T15:44:35 NPT" name="tearDownSoftAssert" finished-at="2026-02-23T15:44:35 NPT" duration-ms="0" status="PASS">
          <reporter-output>
          </reporter-output>
        </test-method> <!-- tearDownSoftAssert -->
        <test-method is-config="true" signature="initSoftAssert()[pri:0, instance:tests.CusRegTest@2a79d4b1]" started-at="2026-02-23T15:44:35 NPT" name="initSoftAssert" finished-at="2026-02-23T15:44:35 NPT" duration-ms="0" status="PASS">
          <reporter-output>
          </reporter-output>
        </test-method> <!-- initSoftAssert -->
        <test-method is-config="true" signature="setupSoftAssert()[pri:0, instance:tests.CusRegTest@2a79d4b1]" started-at="2026-02-23T15:44:35 NPT" name="setupSoftAssert" finished-at="2026-02-23T15:44:35 NPT" duration-ms="0" status="PASS">
          <reporter-output>
          </reporter-output>
        </test-method> <!-- setupSoftAssert -->
        <test-method signature="verifyRelationshipPhoto()[pri:16, instance:tests.CusRegTest@2a79d4b1]" started-at="2026-02-23T15:44:54 NPT" name="verifyRelationshipPhoto" description="Verify Relationship Photo" finished-at="2026-02-23T15:45:00 NPT" duration-ms="5466" status="PASS">
          <reporter-output>
          </reporter-output>
        </test-method> <!-- verifyRelationshipPhoto -->
        <test-method is-config="true" signature="setupSoftAssert()[pri:0, instance:tests.CusRegTest@2a79d4b1]" started-at="2026-02-23T15:44:54 NPT" name="setupSoftAssert" finished-at="2026-02-23T15:44:54 NPT" duration-ms="0" status="PASS">
          <reporter-output>
          </reporter-output>
        </test-method> <!-- setupSoftAssert -->
        <test-method is-config="true" signature="tearDownSoftAssert()[pri:0, instance:tests.CusRegTest@2a79d4b1]" started-at="2026-02-23T15:44:54 NPT" name="tearDownSoftAssert" finished-at="2026-02-23T15:44:54 NPT" duration-ms="0" status="PASS">
          <reporter-output>
          </reporter-output>
        </test-method> <!-- tearDownSoftAssert -->
        <test-method is-config="true" signature="initSoftAssert()[pri:0, instance:tests.CusRegTest@2a79d4b1]" started-at="2026-02-23T15:44:54 NPT" name="initSoftAssert" finished-at="2026-02-23T15:44:54 NPT" duration-ms="0" status="PASS">
          <reporter-output>
          </reporter-output>
        </test-method> <!-- initSoftAssert -->
        <test-method is-config="true" signature="tearDownSoftAssert()[pri:0, instance:tests.CusRegTest@2a79d4b1]" started-at="2026-02-23T15:45:00 NPT" name="tearDownSoftAssert" finished-at="2026-02-23T15:45:00 NPT" duration-ms="0" status="PASS">
          <reporter-output>
          </reporter-output>
        </test-method> <!-- tearDownSoftAssert -->
        <test-method is-config="true" signature="tearDown()[pri:0, instance:tests.CusRegTest@2a79d4b1]" started-at="2026-02-23T15:45:00 NPT" name="tearDown" finished-at="2026-02-23T15:45:01 NPT" duration-ms="1197" status="PASS">
          <reporter-output>
          </reporter-output>
        </test-method> <!-- tearDown -->
      </class> <!-- tests.CusRegTest -->
    </test> <!-- Chrome Test -->
  </suite> <!-- Suite -->
</testng-results>
