<?xml version="1.0" encoding="UTF-8"?>
<testng-results ignored="0" total="1" passed="1" failed="0" skipped="0">
  <reporter-output>
  </reporter-output>
  <suite started-at="2026-02-19T12:17:06 NPT" name="Suite" finished-at="2026-02-19T12:17:38 NPT" duration-ms="31980">
    <groups>
    </groups>
    <test started-at="2026-02-19T12:17:06 NPT" name="Chrome Test" finished-at="2026-02-19T12:17:38 NPT" duration-ms="31980">
      <class name="tests.CusRegTest">
        <test-method is-config="true" signature="setUp()[pri:0, instance:tests.CusRegTest@18b0930f]" started-at="2026-02-19T12:17:06 NPT" name="setUp" finished-at="2026-02-19T12:17:27 NPT" duration-ms="20685" status="PASS">
          <reporter-output>
          </reporter-output>
        </test-method> <!-- setUp -->
        <test-method is-config="true" signature="pageSetup()[pri:0, instance:tests.CusRegTest@18b0930f]" started-at="2026-02-19T12:17:27 NPT" name="pageSetup" finished-at="2026-02-19T12:17:27 NPT" duration-ms="74" status="PASS">
          <reporter-output>
          </reporter-output>
        </test-method> <!-- pageSetup -->
        <test-method signature="verifyCustomerRegistration()[pri:1, instance:tests.CusRegTest@18b0930f]" started-at="2026-02-19T12:17:27 NPT" name="verifyCustomerRegistration" finished-at="2026-02-19T12:17:36 NPT" duration-ms="9580" status="PASS">
          <reporter-output>
          </reporter-output>
        </test-method> <!-- verifyCustomerRegistration -->
        <test-method is-config="true" signature="tearDown()[pri:0, instance:tests.CusRegTest@18b0930f]" started-at="2026-02-19T12:17:37 NPT" name="tearDown" finished-at="2026-02-19T12:17:38 NPT" duration-ms="1568" status="PASS">
          <reporter-output>
          </reporter-output>
        </test-method> <!-- tearDown -->
      </class> <!-- tests.CusRegTest -->
    </test> <!-- Chrome Test -->
  </suite> <!-- Suite -->
</testng-results>
