<?xml version="1.0" encoding="UTF-8"?>
<testng-results ignored="0" total="16" passed="16" failed="0" skipped="0">
  <reporter-output>
  </reporter-output>
  <suite started-at="2026-04-29T12:17:08 NPT" name="Suite" finished-at="2026-04-29T12:21:53 NPT" duration-ms="285392">
    <groups>
    </groups>
    <test started-at="2026-04-29T12:17:08 NPT" name="Chrome Test" finished-at="2026-04-29T12:21:53 NPT" duration-ms="285392">
      <class name="tests.CusRegTest">
        <test-method is-config="true" signature="setUp()[pri:0, instance:tests.CusRegTest@4e424582]" started-at="2026-04-29T12:17:08 NPT" name="setUp" finished-at="2026-04-29T12:17:42 NPT" duration-ms="34587" status="PASS">
          <reporter-output>
          </reporter-output>
        </test-method> <!-- setUp -->
        <test-method is-config="true" signature="pageSetup()[pri:0, instance:tests.CusRegTest@4e424582]" started-at="2026-04-29T12:17:42 NPT" name="pageSetup" finished-at="2026-04-29T12:17:42 NPT" duration-ms="54" status="PASS">
          <reporter-output>
          </reporter-output>
        </test-method> <!-- pageSetup -->
        <test-method is-config="true" signature="initSoftAssert()[pri:0, instance:tests.CusRegTest@4e424582]" started-at="2026-04-29T12:17:42 NPT" name="initSoftAssert" finished-at="2026-04-29T12:17:42 NPT" duration-ms="3" status="PASS">
          <reporter-output>
          </reporter-output>
        </test-method> <!-- initSoftAssert -->
        <test-method is-config="true" signature="setupSoftAssert()[pri:0, instance:tests.CusRegTest@4e424582]" started-at="2026-04-29T12:17:43 NPT" name="setupSoftAssert" finished-at="2026-04-29T12:17:43 NPT" duration-ms="0" status="PASS">
          <reporter-output>
          </reporter-output>
        </test-method> <!-- setupSoftAssert -->
        <test-method signature="verifyCustomerRegistration()[pri:1, instance:tests.CusRegTest@4e424582]" started-at="2026-04-29T12:17:43 NPT" name="verifyCustomerRegistration" description="Verify Customer Registration" finished-at="2026-04-29T12:17:58 NPT" duration-ms="15368" status="PASS">
          <reporter-output>
          </reporter-output>
        </test-method> <!-- verifyCustomerRegistration -->
        <test-method is-config="true" signature="initSoftAssert()[pri:0, instance:tests.CusRegTest@4e424582]" started-at="2026-04-29T12:17:58 NPT" name="initSoftAssert" finished-at="2026-04-29T12:17:58 NPT" duration-ms="0" status="PASS">
          <reporter-output>
          </reporter-output>
        </test-method> <!-- initSoftAssert -->
        <test-method is-config="true" signature="setupSoftAssert()[pri:0, instance:tests.CusRegTest@4e424582]" started-at="2026-04-29T12:17:58 NPT" name="setupSoftAssert" finished-at="2026-04-29T12:17:58 NPT" duration-ms="2" status="PASS">
          <reporter-output>
          </reporter-output>
        </test-method> <!-- setupSoftAssert -->
        <test-method signature="verifyIdentityDetails()[pri:2, instance:tests.CusRegTest@4e424582]" started-at="2026-04-29T12:17:58 NPT" name="verifyIdentityDetails" description="Verify Identity Details" finished-at="2026-04-29T12:18:09 NPT" duration-ms="10955" status="PASS">
          <reporter-output>
          </reporter-output>
        </test-method> <!-- verifyIdentityDetails -->
        <test-method is-config="true" signature="initSoftAssert()[pri:0, instance:tests.CusRegTest@4e424582]" started-at="2026-04-29T12:18:09 NPT" name="initSoftAssert" finished-at="2026-04-29T12:18:09 NPT" duration-ms="0" status="PASS">
          <reporter-output>
          </reporter-output>
        </test-method> <!-- initSoftAssert -->
        <test-method is-config="true" signature="setupSoftAssert()[pri:0, instance:tests.CusRegTest@4e424582]" started-at="2026-04-29T12:18:09 NPT" name="setupSoftAssert" finished-at="2026-04-29T12:18:09 NPT" duration-ms="0" status="PASS">
          <reporter-output>
          </reporter-output>
        </test-method> <!-- setupSoftAssert -->
        <test-method signature="verifyCommunicationDetails()[pri:3, instance:tests.CusRegTest@4e424582]" started-at="2026-04-29T12:18:09 NPT" name="verifyCommunicationDetails" description="Verify Communication Details" finished-at="2026-04-29T12:18:20 NPT" duration-ms="10568" status="PASS">
          <reporter-output>
          </reporter-output>
        </test-method> <!-- verifyCommunicationDetails -->
        <test-method is-config="true" signature="initSoftAssert()[pri:0, instance:tests.CusRegTest@4e424582]" started-at="2026-04-29T12:18:20 NPT" name="initSoftAssert" finished-at="2026-04-29T12:18:20 NPT" duration-ms="0" status="PASS">
          <reporter-output>
          </reporter-output>
        </test-method> <!-- initSoftAssert -->
        <test-method is-config="true" signature="setupSoftAssert()[pri:0, instance:tests.CusRegTest@4e424582]" started-at="2026-04-29T12:18:20 NPT" name="setupSoftAssert" finished-at="2026-04-29T12:18:20 NPT" duration-ms="0" status="PASS">
          <reporter-output>
          </reporter-output>
        </test-method> <!-- setupSoftAssert -->
        <test-method signature="verifyDocumentDetails()[pri:4, instance:tests.CusRegTest@4e424582]" started-at="2026-04-29T12:18:20 NPT" name="verifyDocumentDetails" description="Verify Document Details" finished-at="2026-04-29T12:18:23 NPT" duration-ms="3780" status="PASS">
          <reporter-output>
          </reporter-output>
        </test-method> <!-- verifyDocumentDetails -->
        <test-method is-config="true" signature="initSoftAssert()[pri:0, instance:tests.CusRegTest@4e424582]" started-at="2026-04-29T12:18:23 NPT" name="initSoftAssert" finished-at="2026-04-29T12:18:23 NPT" duration-ms="2" status="PASS">
          <reporter-output>
          </reporter-output>
        </test-method> <!-- initSoftAssert -->
        <test-method is-config="true" signature="setupSoftAssert()[pri:0, instance:tests.CusRegTest@4e424582]" started-at="2026-04-29T12:18:23 NPT" name="setupSoftAssert" finished-at="2026-04-29T12:18:23 NPT" duration-ms="0" status="PASS">
          <reporter-output>
          </reporter-output>
        </test-method> <!-- setupSoftAssert -->
        <test-method signature="verifyAddressDetails()[pri:5, instance:tests.CusRegTest@4e424582]" started-at="2026-04-29T12:18:23 NPT" name="verifyAddressDetails" description="Verify Address Details" finished-at="2026-04-29T12:18:50 NPT" duration-ms="27033" status="PASS">
          <reporter-output>
          </reporter-output>
        </test-method> <!-- verifyAddressDetails -->
        <test-method is-config="true" signature="initSoftAssert()[pri:0, instance:tests.CusRegTest@4e424582]" started-at="2026-04-29T12:18:50 NPT" name="initSoftAssert" finished-at="2026-04-29T12:18:50 NPT" duration-ms="0" status="PASS">
          <reporter-output>
          </reporter-output>
        </test-method> <!-- initSoftAssert -->
        <test-method is-config="true" signature="setupSoftAssert()[pri:0, instance:tests.CusRegTest@4e424582]" started-at="2026-04-29T12:18:50 NPT" name="setupSoftAssert" finished-at="2026-04-29T12:18:50 NPT" duration-ms="0" status="PASS">
          <reporter-output>
          </reporter-output>
        </test-method> <!-- setupSoftAssert -->
        <test-method signature="verifyHighProfileDetails()[pri:6, instance:tests.CusRegTest@4e424582]" started-at="2026-04-29T12:18:50 NPT" name="verifyHighProfileDetails" description="Verify High Profile Details" finished-at="2026-04-29T12:19:27 NPT" duration-ms="36511" status="PASS">
          <reporter-output>
          </reporter-output>
        </test-method> <!-- verifyHighProfileDetails -->
        <test-method is-config="true" signature="initSoftAssert()[pri:0, instance:tests.CusRegTest@4e424582]" started-at="2026-04-29T12:19:27 NPT" name="initSoftAssert" finished-at="2026-04-29T12:19:27 NPT" duration-ms="4" status="PASS">
          <reporter-output>
          </reporter-output>
        </test-method> <!-- initSoftAssert -->
        <test-method signature="verifyTransactionDetails()[pri:7, instance:tests.CusRegTest@4e424582]" started-at="2026-04-29T12:19:27 NPT" name="verifyTransactionDetails" description="Verify Transaction Details" finished-at="2026-04-29T12:19:30 NPT" duration-ms="2876" status="PASS">
          <reporter-output>
          </reporter-output>
        </test-method> <!-- verifyTransactionDetails -->
        <test-method is-config="true" signature="setupSoftAssert()[pri:0, instance:tests.CusRegTest@4e424582]" started-at="2026-04-29T12:19:27 NPT" name="setupSoftAssert" finished-at="2026-04-29T12:19:27 NPT" duration-ms="0" status="PASS">
          <reporter-output>
          </reporter-output>
        </test-method> <!-- setupSoftAssert -->
        <test-method is-config="true" signature="initSoftAssert()[pri:0, instance:tests.CusRegTest@4e424582]" started-at="2026-04-29T12:19:30 NPT" name="initSoftAssert" finished-at="2026-04-29T12:19:30 NPT" duration-ms="0" status="PASS">
          <reporter-output>
          </reporter-output>
        </test-method> <!-- initSoftAssert -->
        <test-method signature="verifyCashFlowDetails()[pri:8, instance:tests.CusRegTest@4e424582]" started-at="2026-04-29T12:19:30 NPT" name="verifyCashFlowDetails" description="Verify Cash Flow Details" finished-at="2026-04-29T12:19:39 NPT" duration-ms="9109" status="PASS">
          <reporter-output>
          </reporter-output>
        </test-method> <!-- verifyCashFlowDetails -->
        <test-method is-config="true" signature="setupSoftAssert()[pri:0, instance:tests.CusRegTest@4e424582]" started-at="2026-04-29T12:19:30 NPT" name="setupSoftAssert" finished-at="2026-04-29T12:19:30 NPT" duration-ms="0" status="PASS">
          <reporter-output>
          </reporter-output>
        </test-method> <!-- setupSoftAssert -->
        <test-method is-config="true" signature="initSoftAssert()[pri:0, instance:tests.CusRegTest@4e424582]" started-at="2026-04-29T12:19:39 NPT" name="initSoftAssert" finished-at="2026-04-29T12:19:39 NPT" duration-ms="2" status="PASS">
          <reporter-output>
          </reporter-output>
        </test-method> <!-- initSoftAssert -->
        <test-method is-config="true" signature="setupSoftAssert()[pri:0, instance:tests.CusRegTest@4e424582]" started-at="2026-04-29T12:19:39 NPT" name="setupSoftAssert" finished-at="2026-04-29T12:19:39 NPT" duration-ms="2" status="PASS">
          <reporter-output>
          </reporter-output>
        </test-method> <!-- setupSoftAssert -->
        <test-method signature="verifyExposureDetails()[pri:9, instance:tests.CusRegTest@4e424582]" started-at="2026-04-29T12:19:39 NPT" name="verifyExposureDetails" description="Verify Exposure Details" finished-at="2026-04-29T12:19:48 NPT" duration-ms="9524" status="PASS">
          <reporter-output>
          </reporter-output>
        </test-method> <!-- verifyExposureDetails -->
        <test-method is-config="true" signature="initSoftAssert()[pri:0, instance:tests.CusRegTest@4e424582]" started-at="2026-04-29T12:19:48 NPT" name="initSoftAssert" finished-at="2026-04-29T12:19:48 NPT" duration-ms="0" status="PASS">
          <reporter-output>
          </reporter-output>
        </test-method> <!-- initSoftAssert -->
        <test-method is-config="true" signature="setupSoftAssert()[pri:0, instance:tests.CusRegTest@4e424582]" started-at="2026-04-29T12:19:48 NPT" name="setupSoftAssert" finished-at="2026-04-29T12:19:48 NPT" duration-ms="2" status="PASS">
          <reporter-output>
          </reporter-output>
        </test-method> <!-- setupSoftAssert -->
        <test-method signature="verifyEmploymentDetails()[pri:10, instance:tests.CusRegTest@4e424582]" started-at="2026-04-29T12:19:48 NPT" name="verifyEmploymentDetails" description="Verify Employment Details" finished-at="2026-04-29T12:20:02 NPT" duration-ms="13945" status="PASS">
          <reporter-output>
          </reporter-output>
        </test-method> <!-- verifyEmploymentDetails -->
        <test-method is-config="true" signature="initSoftAssert()[pri:0, instance:tests.CusRegTest@4e424582]" started-at="2026-04-29T12:20:02 NPT" name="initSoftAssert" finished-at="2026-04-29T12:20:02 NPT" duration-ms="0" status="PASS">
          <reporter-output>
          </reporter-output>
        </test-method> <!-- initSoftAssert -->
        <test-method is-config="true" signature="setupSoftAssert()[pri:0, instance:tests.CusRegTest@4e424582]" started-at="2026-04-29T12:20:02 NPT" name="setupSoftAssert" finished-at="2026-04-29T12:20:02 NPT" duration-ms="0" status="PASS">
          <reporter-output>
          </reporter-output>
        </test-method> <!-- setupSoftAssert -->
        <test-method signature="verifyRelationshipDetails()[pri:11, instance:tests.CusRegTest@4e424582]" started-at="2026-04-29T12:20:02 NPT" name="verifyRelationshipDetails" description="Verify Relationship Master" finished-at="2026-04-29T12:20:31 NPT" duration-ms="28213" status="PASS">
          <reporter-output>
          </reporter-output>
        </test-method> <!-- verifyRelationshipDetails -->
        <test-method is-config="true" signature="initSoftAssert()[pri:0, instance:tests.CusRegTest@4e424582]" started-at="2026-04-29T12:20:31 NPT" name="initSoftAssert" finished-at="2026-04-29T12:20:31 NPT" duration-ms="0" status="PASS">
          <reporter-output>
          </reporter-output>
        </test-method> <!-- initSoftAssert -->
        <test-method is-config="true" signature="setupSoftAssert()[pri:0, instance:tests.CusRegTest@4e424582]" started-at="2026-04-29T12:20:31 NPT" name="setupSoftAssert" finished-at="2026-04-29T12:20:31 NPT" duration-ms="5" status="PASS">
          <reporter-output>
          </reporter-output>
        </test-method> <!-- setupSoftAssert -->
        <test-method signature="verifyRelationshipIdentity()[pri:12, instance:tests.CusRegTest@4e424582]" started-at="2026-04-29T12:20:31 NPT" name="verifyRelationshipIdentity" description="Verify Relationship Identity" finished-at="2026-04-29T12:20:49 NPT" duration-ms="18860" status="PASS">
          <reporter-output>
          </reporter-output>
        </test-method> <!-- verifyRelationshipIdentity -->
        <test-method is-config="true" signature="initSoftAssert()[pri:0, instance:tests.CusRegTest@4e424582]" started-at="2026-04-29T12:20:49 NPT" name="initSoftAssert" finished-at="2026-04-29T12:20:49 NPT" duration-ms="0" status="PASS">
          <reporter-output>
          </reporter-output>
        </test-method> <!-- initSoftAssert -->
        <test-method is-config="true" signature="setupSoftAssert()[pri:0, instance:tests.CusRegTest@4e424582]" started-at="2026-04-29T12:20:49 NPT" name="setupSoftAssert" finished-at="2026-04-29T12:20:49 NPT" duration-ms="1" status="PASS">
          <reporter-output>
          </reporter-output>
        </test-method> <!-- setupSoftAssert -->
        <test-method signature="verifyRelationshipCommunication()[pri:13, instance:tests.CusRegTest@4e424582]" started-at="2026-04-29T12:20:49 NPT" name="verifyRelationshipCommunication" description="Verify Relationship Communication" finished-at="2026-04-29T12:20:59 NPT" duration-ms="9124" status="PASS">
          <reporter-output>
          </reporter-output>
        </test-method> <!-- verifyRelationshipCommunication -->
        <test-method is-config="true" signature="initSoftAssert()[pri:0, instance:tests.CusRegTest@4e424582]" started-at="2026-04-29T12:20:59 NPT" name="initSoftAssert" finished-at="2026-04-29T12:20:59 NPT" duration-ms="4" status="PASS">
          <reporter-output>
          </reporter-output>
        </test-method> <!-- initSoftAssert -->
        <test-method is-config="true" signature="setupSoftAssert()[pri:0, instance:tests.CusRegTest@4e424582]" started-at="2026-04-29T12:20:59 NPT" name="setupSoftAssert" finished-at="2026-04-29T12:20:59 NPT" duration-ms="0" status="PASS">
          <reporter-output>
          </reporter-output>
        </test-method> <!-- setupSoftAssert -->
        <test-method signature="verifyRelationshipDocument()[pri:14, instance:tests.CusRegTest@4e424582]" started-at="2026-04-29T12:20:59 NPT" name="verifyRelationshipDocument" description="Verify Relationship Document" finished-at="2026-04-29T12:21:17 NPT" duration-ms="18185" status="PASS">
          <reporter-output>
          </reporter-output>
        </test-method> <!-- verifyRelationshipDocument -->
        <test-method is-config="true" signature="initSoftAssert()[pri:0, instance:tests.CusRegTest@4e424582]" started-at="2026-04-29T12:21:17 NPT" name="initSoftAssert" finished-at="2026-04-29T12:21:17 NPT" duration-ms="2" status="PASS">
          <reporter-output>
          </reporter-output>
        </test-method> <!-- initSoftAssert -->
        <test-method is-config="true" signature="setupSoftAssert()[pri:0, instance:tests.CusRegTest@4e424582]" started-at="2026-04-29T12:21:17 NPT" name="setupSoftAssert" finished-at="2026-04-29T12:21:17 NPT" duration-ms="0" status="PASS">
          <reporter-output>
          </reporter-output>
        </test-method> <!-- setupSoftAssert -->
        <test-method signature="verifyRelationshipAddress()[pri:15, instance:tests.CusRegTest@4e424582]" started-at="2026-04-29T12:21:17 NPT" name="verifyRelationshipAddress" description="Verify Relationship Address" finished-at="2026-04-29T12:21:46 NPT" duration-ms="29087" status="PASS">
          <reporter-output>
          </reporter-output>
        </test-method> <!-- verifyRelationshipAddress -->
        <test-method is-config="true" signature="initSoftAssert()[pri:0, instance:tests.CusRegTest@4e424582]" started-at="2026-04-29T12:21:46 NPT" name="initSoftAssert" finished-at="2026-04-29T12:21:46 NPT" duration-ms="0" status="PASS">
          <reporter-output>
          </reporter-output>
        </test-method> <!-- initSoftAssert -->
        <test-method is-config="true" signature="setupSoftAssert()[pri:0, instance:tests.CusRegTest@4e424582]" started-at="2026-04-29T12:21:46 NPT" name="setupSoftAssert" finished-at="2026-04-29T12:21:46 NPT" duration-ms="4" status="PASS">
          <reporter-output>
          </reporter-output>
        </test-method> <!-- setupSoftAssert -->
        <test-method signature="verifyRelationshipPhoto()[pri:16, instance:tests.CusRegTest@4e424582]" started-at="2026-04-29T12:21:46 NPT" name="verifyRelationshipPhoto" description="Verify Relationship Photo" finished-at="2026-04-29T12:21:52 NPT" duration-ms="6487" status="PASS">
          <reporter-output>
          </reporter-output>
        </test-method> <!-- verifyRelationshipPhoto -->
        <test-method is-config="true" signature="tearDown()[pri:0, instance:tests.CusRegTest@4e424582]" started-at="2026-04-29T12:21:52 NPT" name="tearDown" finished-at="2026-04-29T12:21:53 NPT" duration-ms="580" status="PASS">
          <reporter-output>
          </reporter-output>
        </test-method> <!-- tearDown -->
      </class> <!-- tests.CusRegTest -->
    </test> <!-- Chrome Test -->
  </suite> <!-- Suite -->
</testng-results>
