<?xml version="1.0" encoding="UTF-8"?>
<testng-results ignored="0" total="1" passed="1" failed="0" skipped="0">
  <reporter-output>
  </reporter-output>
  <suite started-at="2026-02-11T14:55:36 NPT" name="Suite" finished-at="2026-02-11T14:58:26 NPT" duration-ms="169299">
    <groups>
    </groups>
    <test started-at="2026-02-11T14:55:36 NPT" name="Chrome Test" finished-at="2026-02-11T14:58:26 NPT" duration-ms="169299">
      <class name="tests.CusRegTest">
        <test-method is-config="true" signature="setUp()[pri:0, instance:tests.CusRegTest@4cf8b2dc]" started-at="2026-02-11T14:55:36 NPT" name="setUp" finished-at="2026-02-11T14:55:57 NPT" duration-ms="20963" status="PASS">
          <reporter-output>
          </reporter-output>
        </test-method> <!-- setUp -->
        <test-method signature="verifyLogin()[pri:0, instance:tests.CusRegTest@4cf8b2dc]" started-at="2026-02-11T14:55:57 NPT" name="verifyLogin" finished-at="2026-02-11T14:58:24 NPT" duration-ms="146958" status="PASS">
          <reporter-output>
          </reporter-output>
        </test-method> <!-- verifyLogin -->
        <test-method is-config="true" signature="tearDown()[pri:0, instance:tests.CusRegTest@4cf8b2dc]" started-at="2026-02-11T14:58:24 NPT" name="tearDown" finished-at="2026-02-11T14:58:26 NPT" duration-ms="1343" status="PASS">
          <reporter-output>
          </reporter-output>
        </test-method> <!-- tearDown -->
      </class> <!-- tests.CusRegTest -->
    </test> <!-- Chrome Test -->
  </suite> <!-- Suite -->
</testng-results>
