<?xml version="1.0" encoding="UTF-8"?>
<testng-results ignored="0" total="1" passed="1" failed="0" skipped="0">
  <reporter-output>
  </reporter-output>
  <suite started-at="2026-01-04T15:01:43 NPT" name="Suite" finished-at="2026-01-04T15:02:13 NPT" duration-ms="30417">
    <groups>
    </groups>
    <test started-at="2026-01-04T15:01:43 NPT" name="Chrome Test" finished-at="2026-01-04T15:02:13 NPT" duration-ms="30417">
      <class name="tests.CusRegTest">
        <test-method is-config="true" signature="setUp()[pri:0, instance:tests.CusRegTest@5143c662]" started-at="2026-01-04T15:01:43 NPT" name="setUp" finished-at="2026-01-04T15:02:03 NPT" duration-ms="19868" status="PASS">
          <reporter-output>
          </reporter-output>
        </test-method> <!-- setUp -->
        <test-method signature="verifyLogin()[pri:0, instance:tests.CusRegTest@5143c662]" started-at="2026-01-04T15:02:03 NPT" name="verifyLogin" finished-at="2026-01-04T15:02:12 NPT" duration-ms="9219" status="PASS">
          <reporter-output>
          </reporter-output>
        </test-method> <!-- verifyLogin -->
        <test-method is-config="true" signature="tearDown()[pri:0, instance:tests.CusRegTest@5143c662]" started-at="2026-01-04T15:02:12 NPT" name="tearDown" finished-at="2026-01-04T15:02:13 NPT" duration-ms="1294" status="PASS">
          <reporter-output>
          </reporter-output>
        </test-method> <!-- tearDown -->
      </class> <!-- tests.CusRegTest -->
    </test> <!-- Chrome Test -->
  </suite> <!-- Suite -->
</testng-results>
