<?xml version="1.0" encoding="UTF-8"?>
<testng-results ignored="0" total="2" passed="2" failed="0" skipped="0">
  <reporter-output>
  </reporter-output>
  <suite started-at="2026-03-10T10:14:40 NPT" name="Surefire suite" finished-at="2026-03-10T10:15:25 NPT" duration-ms="45533">
    <groups>
    </groups>
    <test started-at="2026-03-10T10:14:40 NPT" name="Surefire test" finished-at="2026-03-10T10:15:25 NPT" duration-ms="45533">
      <class name="tests.CorporateCustRegTest">
        <test-method is-config="true" signature="setUp()[pri:0, instance:tests.CorporateCustRegTest@733c464f]" started-at="2026-03-10T10:14:40 NPT" name="setUp" finished-at="2026-03-10T10:14:57 NPT" duration-ms="17304" status="PASS">
          <reporter-output>
          </reporter-output>
        </test-method> <!-- setUp -->
        <test-method is-config="true" signature="pageSetup()[pri:0, instance:tests.CorporateCustRegTest@733c464f]" started-at="2026-03-10T10:14:57 NPT" name="pageSetup" finished-at="2026-03-10T10:14:57 NPT" duration-ms="9" status="PASS">
          <reporter-output>
          </reporter-output>
        </test-method> <!-- pageSetup -->
        <test-method is-config="true" signature="initSoftAssert()[pri:0, instance:tests.CorporateCustRegTest@733c464f]" started-at="2026-03-10T10:14:57 NPT" name="initSoftAssert" finished-at="2026-03-10T10:14:57 NPT" duration-ms="11" status="PASS">
          <reporter-output>
          </reporter-output>
        </test-method> <!-- initSoftAssert -->
        <test-method is-config="true" signature="setupSoftAssert()[pri:0, instance:tests.CorporateCustRegTest@733c464f]" started-at="2026-03-10T10:14:57 NPT" name="setupSoftAssert" finished-at="2026-03-10T10:14:57 NPT" duration-ms="0" status="PASS">
          <reporter-output>
          </reporter-output>
        </test-method> <!-- setupSoftAssert -->
        <test-method signature="verifyCorporateCustomerRegistration()[pri:1, instance:tests.CorporateCustRegTest@733c464f]" started-at="2026-03-10T10:14:57 NPT" name="verifyCorporateCustomerRegistration" description="Verify Corporate Customer Registration" finished-at="2026-03-10T10:15:13 NPT" duration-ms="15783" status="PASS">
          <reporter-output>
          </reporter-output>
        </test-method> <!-- verifyCorporateCustomerRegistration -->
        <test-method is-config="true" signature="initSoftAssert()[pri:0, instance:tests.CorporateCustRegTest@733c464f]" started-at="2026-03-10T10:15:13 NPT" name="initSoftAssert" finished-at="2026-03-10T10:15:13 NPT" duration-ms="1" status="PASS">
          <reporter-output>
          </reporter-output>
        </test-method> <!-- initSoftAssert -->
        <test-method is-config="true" signature="setupSoftAssert()[pri:0, instance:tests.CorporateCustRegTest@733c464f]" started-at="2026-03-10T10:15:13 NPT" name="setupSoftAssert" finished-at="2026-03-10T10:15:13 NPT" duration-ms="1" status="PASS">
          <reporter-output>
          </reporter-output>
        </test-method> <!-- setupSoftAssert -->
        <test-method signature="verifyIdentityDetails()[pri:2, instance:tests.CorporateCustRegTest@733c464f]" started-at="2026-03-10T10:15:13 NPT" name="verifyIdentityDetails" description="Verify Identity Details" finished-at="2026-03-10T10:15:23 NPT" duration-ms="10225" status="PASS">
          <reporter-output>
          </reporter-output>
        </test-method> <!-- verifyIdentityDetails -->
        <test-method is-config="true" signature="tearDown()[pri:0, instance:tests.CorporateCustRegTest@733c464f]" started-at="2026-03-10T10:15:23 NPT" name="tearDown" finished-at="2026-03-10T10:15:25 NPT" duration-ms="1874" status="PASS">
          <reporter-output>
          </reporter-output>
        </test-method> <!-- tearDown -->
      </class> <!-- tests.CorporateCustRegTest -->
    </test> <!-- Surefire test -->
  </suite> <!-- Surefire suite -->
</testng-results>
