<?xml version="1.0" encoding="UTF-8"?>
<testng-results ignored="0" total="1" passed="1" failed="0" skipped="0">
  <reporter-output>
  </reporter-output>
  <suite started-at="2025-12-14T15:17:23 NPT" name="Default suite" finished-at="2025-12-14T15:17:27 NPT" duration-ms="4151">
    <groups>
    </groups>
    <test started-at="2025-12-14T15:17:23 NPT" name="Default test" finished-at="2025-12-14T15:17:27 NPT" duration-ms="4151">
      <class name="tests.NewTest">
        <test-method is-config="true" signature="setUp()[pri:0, instance:tests.NewTest@49e53c76]" started-at="2025-12-14T15:17:23 NPT" name="setUp" finished-at="2025-12-14T15:17:26 NPT" duration-ms="3794" status="PASS">
          <reporter-output>
          </reporter-output>
        </test-method> <!-- setUp -->
        <test-method signature="verifyApplicationLaunch()[pri:0, instance:tests.NewTest@49e53c76]" started-at="2025-12-14T15:17:26 NPT" name="verifyApplicationLaunch" finished-at="2025-12-14T15:17:27 NPT" duration-ms="41" status="PASS">
          <reporter-output>
          </reporter-output>
        </test-method> <!-- verifyApplicationLaunch -->
        <test-method is-config="true" signature="tearDown()[pri:0, instance:tests.NewTest@49e53c76]" started-at="2025-12-14T15:17:27 NPT" name="tearDown" finished-at="2025-12-14T15:17:27 NPT" duration-ms="250" status="PASS">
          <reporter-output>
          </reporter-output>
        </test-method> <!-- tearDown -->
      </class> <!-- tests.NewTest -->
    </test> <!-- Default test -->
  </suite> <!-- Default suite -->
</testng-results>
