<?xml version="1.0" encoding="UTF-8"?>
<!-- Generated by org.testng.reporters.JUnitReportReporter -->
<testsuite hostname="DeViL-Pc" failures="0" tests="16" name="tests.CusRegTest" time="175.997" errors="0" timestamp="2026-02-23T15:45:01 NPT" skipped="0">
  <testcase classname="tests.CusRegTest" name="verifyCustomerRegistration" time="14.233"/>
  <testcase classname="tests.CusRegTest" name="verifyIdentityDetails" time="11.506"/>
  <testcase classname="tests.CusRegTest" name="verifyCommunicationDetails" time="8.530"/>
  <testcase classname="tests.CusRegTest" name="verifyDocumentDetails" time="3.339"/>
  <testcase classname="tests.CusRegTest" name="verifyAddressDetails" time="17.583"/>
  <testcase classname="tests.CusRegTest" name="verifyHighProfileDetails" time="18.972"/>
  <testcase classname="tests.CusRegTest" name="verifyTransactionDetails" time="3.124"/>
  <testcase classname="tests.CusRegTest" name="verifyCashFlowDetails" time="5.185"/>
  <testcase classname="tests.CusRegTest" name="verifyExposureDetails" time="5.873"/>
  <testcase classname="tests.CusRegTest" name="verifyEmploymentDetails" time="5.878"/>
  <testcase classname="tests.CusRegTest" name="verifyRelationshipDetails" time="19.125"/>
  <testcase classname="tests.CusRegTest" name="verifyRelationshipIdentity" time="14.685"/>
  <testcase classname="tests.CusRegTest" name="verifyRelationshipCommunication" time="9.217"/>
  <testcase classname="tests.CusRegTest" name="verifyRelationshipDocument" time="13.397"/>
  <testcase classname="tests.CusRegTest" name="verifyRelationshipAddress" time="19.883"/>
  <testcase classname="tests.CusRegTest" name="verifyRelationshipPhoto" time="5.467"/>
</testsuite> <!-- tests.CusRegTest -->
