<?xml version="1.0" encoding="UTF-8"?>
<!-- Generated by org.testng.reporters.JUnitReportReporter -->
<testsuite hostname="DeViL-Pc" failures="0" tests="16" name="tests.CusRegTest" time="188.051" errors="0" timestamp="2026-02-23T17:02:33 NPT" skipped="0">
  <testcase classname="tests.CusRegTest" name="verifyCustomerRegistration" time="17.376"/>
  <testcase classname="tests.CusRegTest" name="verifyIdentityDetails" time="11.485"/>
  <testcase classname="tests.CusRegTest" name="verifyCommunicationDetails" time="9.013"/>
  <testcase classname="tests.CusRegTest" name="verifyDocumentDetails" time="3.512"/>
  <testcase classname="tests.CusRegTest" name="verifyAddressDetails" time="19.218"/>
  <testcase classname="tests.CusRegTest" name="verifyHighProfileDetails" time="19.825"/>
  <testcase classname="tests.CusRegTest" name="verifyTransactionDetails" time="3.437"/>
  <testcase classname="tests.CusRegTest" name="verifyCashFlowDetails" time="5.442"/>
  <testcase classname="tests.CusRegTest" name="verifyExposureDetails" time="6.495"/>
  <testcase classname="tests.CusRegTest" name="verifyEmploymentDetails" time="6.520"/>
  <testcase classname="tests.CusRegTest" name="verifyRelationshipDetails" time="20.341"/>
  <testcase classname="tests.CusRegTest" name="verifyRelationshipIdentity" time="16.014"/>
  <testcase classname="tests.CusRegTest" name="verifyRelationshipCommunication" time="9.726"/>
  <testcase classname="tests.CusRegTest" name="verifyRelationshipDocument" time="13.615"/>
  <testcase classname="tests.CusRegTest" name="verifyRelationshipAddress" time="20.341"/>
  <testcase classname="tests.CusRegTest" name="verifyRelationshipPhoto" time="5.691"/>
</testsuite> <!-- tests.CusRegTest -->
