<?xml version="1.0" encoding="UTF-8"?>
<!-- Generated by org.testng.reporters.JUnitReportReporter -->
<testsuite hostname="DeViL-Pc" failures="0" tests="15" name="tests.CusRegTest" time="168.633" errors="0" timestamp="2026-02-22T15:43:38 NPT" skipped="0">
  <testcase classname="tests.CusRegTest" name="verifyCustomerRegistration" time="13.100"/>
  <testcase classname="tests.CusRegTest" name="verifyIdentityDetails" time="10.181"/>
  <testcase classname="tests.CusRegTest" name="verifyCommunicationDetails" time="8.560"/>
  <testcase classname="tests.CusRegTest" name="verifyDocumentDetails" time="2.341"/>
  <testcase classname="tests.CusRegTest" name="verifyAddressDetails" time="16.295"/>
  <testcase classname="tests.CusRegTest" name="verifyHighProfileDetails" time="19.756"/>
  <testcase classname="tests.CusRegTest" name="verifyTransactionDetails" time="4.132"/>
  <testcase classname="tests.CusRegTest" name="verifyCashFlowDetails" time="6.424"/>
  <testcase classname="tests.CusRegTest" name="verifyExposureDetails" time="6.806"/>
  <testcase classname="tests.CusRegTest" name="verifyEmploymentDetails" time="6.852"/>
  <testcase classname="tests.CusRegTest" name="verifyRelationshipDetails" time="20.096"/>
  <testcase classname="tests.CusRegTest" name="verifyRelationshipIdentity" time="13.201"/>
  <testcase classname="tests.CusRegTest" name="verifyRelationshipCommunication" time="9.243"/>
  <testcase classname="tests.CusRegTest" name="verifyRelationshipDocument" time="12.165"/>
  <testcase classname="tests.CusRegTest" name="verifyRelationshipAddress" time="19.481"/>
</testsuite> <!-- tests.CusRegTest -->
