<?xml version="1.0" encoding="UTF-8"?>
<!-- Generated by org.testng.reporters.JUnitReportReporter -->
<testsuite hostname="DeViL-Pc" failures="0" tests="7" name="tests.CusRegTest" time="158.284" errors="0" timestamp="2026-02-17T12:57:15 NPT" skipped="0">
  <testcase classname="tests.CusRegTest" name="verifyCustomerRegistration" time="12.569"/>
  <testcase classname="tests.CusRegTest" name="verifyIdentityDetails" time="18.457"/>
  <testcase classname="tests.CusRegTest" name="verifyCommunicationDetails" time="22.605"/>
  <testcase classname="tests.CusRegTest" name="verifyDocumentDetails" time="3.139"/>
  <testcase classname="tests.CusRegTest" name="verifyAddressDetails" time="42.453"/>
  <testcase classname="tests.CusRegTest" name="verifyHighProfileDetails" time="48.998"/>
  <testcase classname="tests.CusRegTest" name="verifyTransactionDetails" time="10.063"/>
</testsuite> <!-- tests.CusRegTest -->
